{"E:\\document_management_system\\src\\app.ts": {"path":"E:\\document_management_system\\src\\app.ts","statementMap":{"0":{"start":{"line":1,"column":0},"end":{"line":1,"column":53}},"1":{"start":{"line":2,"column":0},"end":{"line":2,"column":28}},"2":{"start":{"line":3,"column":0},"end":{"line":3,"column":24}},"3":{"start":{"line":4,"column":0},"end":{"line":4,"column":46}},"4":{"start":{"line":5,"column":0},"end":{"line":5,"column":54}},"5":{"start":{"line":6,"column":0},"end":{"line":6,"column":56}},"6":{"start":{"line":7,"column":0},"end":{"line":7,"column":54}},"7":{"start":{"line":8,"column":0},"end":{"line":8,"column":44}},"8":{"start":{"line":9,"column":0},"end":{"line":9,"column":67}},"9":{"start":{"line":12,"column":0},"end":{"line":12,"column":16}},"10":{"start":{"line":15,"column":12},"end":{"line":15,"column":21}},"11":{"start":{"line":18,"column":13},"end":{"line":18,"column":39}},"12":{"start":{"line":21,"column":16},"end":{"line":21,"column":35}},"13":{"start":{"line":23,"column":19},"end":{"line":23,"column":28}},"14":{"start":{"line":26,"column":0},"end":{"line":26,"column":24}},"15":{"start":{"line":29,"column":0},"end":{"line":47,"column":1}},"16":{"start":{"line":30,"column":2},"end":{"line":30,"column":28}},"17":{"start":{"line":31,"column":2},"end":{"line":39,"column":4}},"18":{"start":{"line":41,"column":2},"end":{"line":41,"column":21}},"19":{"start":{"line":42,"column":2},"end":{"line":46,"column":4}},"20":{"start":{"line":51,"column":0},"end":{"line":53,"column":3}},"21":{"start":{"line":52,"column":2},"end":{"line":52,"column":41}},"22":{"start":{"line":55,"column":0},"end":{"line":55,"column":43}},"23":{"start":{"line":57,"column":0},"end":{"line":57,"column":40}},"24":{"start":{"line":59,"column":0},"end":{"line":59,"column":51}},"25":{"start":{"line":61,"column":0},"end":{"line":61,"column":53}},"26":{"start":{"line":63,"column":0},"end":{"line":63,"column":51}},"27":{"start":{"line":66,"column":0},"end":{"line":66,"column":28}},"28":{"start":{"line":69,"column":13},"end":{"line":71,"column":3}},"29":{"start":{"line":70,"column":2},"end":{"line":70,"column":45}},"30":{"start":{"line":74,"column":0},"end":{"line":74,"column":19}}},"fnMap":{"0":{"name":"(anonymous_1)","decl":{"start":{"line":51,"column":13},"end":{"line":51,"column":23}},"loc":{"start":{"line":51,"column":50},"end":{"line":53,"column":1}}},"1":{"name":"(anonymous_2)","decl":{"start":{"line":69,"column":39},"end":{"line":69,"column":42}},"loc":{"start":{"line":69,"column":44},"end":{"line":71,"column":1}}}},"branchMap":{"0":{"loc":{"start":{"line":18,"column":13},"end":{"line":18,"column":39}},"type":"binary-expr","locations":[{"start":{"line":18,"column":13},"end":{"line":18,"column":29}},{"start":{"line":18,"column":33},"end":{"line":18,"column":39}}]},"1":{"loc":{"start":{"line":29,"column":0},"end":{"line":47,"column":1}},"type":"if","locations":[{"start":{"line":29,"column":0},"end":{"line":47,"column":1}},{"start":{"line":40,"column":7},"end":{"line":47,"column":1}}]}},"s":{"0":6,"1":6,"2":6,"3":6,"4":6,"5":6,"6":6,"7":6,"8":6,"9":6,"10":6,"11":6,"12":6,"13":6,"14":6,"15":6,"16":0,"17":0,"18":6,"19":6,"20":6,"21":1,"22":6,"23":6,"24":6,"25":6,"26":6,"27":6,"28":6,"29":6,"30":6},"f":{"0":1,"1":6},"b":{"0":[6,6],"1":[0,6]}}
,"E:\\document_management_system\\src\\database.ts": {"path":"E:\\document_management_system\\src\\database.ts","statementMap":{"0":{"start":{"line":1,"column":0},"end":{"line":1,"column":28}},"1":{"start":{"line":2,"column":0},"end":{"line":2,"column":32}},"2":{"start":{"line":3,"column":0},"end":{"line":3,"column":26}},"3":{"start":{"line":6,"column":0},"end":{"line":6,"column":16}},"4":{"start":{"line":23,"column":4},"end":{"line":23,"column":15}},"5":{"start":{"line":27,"column":11},"end":{"line":33,"column":3}},"6":{"start":{"line":36,"column":0},"end":{"line":42,"column":1}},"7":{"start":{"line":38,"column":2},"end":{"line":41,"column":69}},"8":{"start":{"line":40,"column":16},"end":{"line":40,"column":48}},"9":{"start":{"line":41,"column":20},"end":{"line":41,"column":67}},"10":{"start":{"line":46,"column":0},"end":{"line":54,"column":1}},"11":{"start":{"line":47,"column":2},"end":{"line":53,"column":5}},"12":{"start":{"line":57,"column":0},"end":{"line":65,"column":1}},"13":{"start":{"line":58,"column":2},"end":{"line":64,"column":5}},"14":{"start":{"line":68,"column":0},"end":{"line":76,"column":1}},"15":{"start":{"line":69,"column":2},"end":{"line":75,"column":5}}},"fnMap":{"0":{"name":"(anonymous_1)","decl":{"start":{"line":40,"column":10},"end":{"line":40,"column":13}},"loc":{"start":{"line":40,"column":16},"end":{"line":40,"column":48}}},"1":{"name":"(anonymous_2)","decl":{"start":{"line":41,"column":11},"end":{"line":41,"column":12}},"loc":{"start":{"line":41,"column":20},"end":{"line":41,"column":67}}}},"branchMap":{"0":{"loc":{"start":{"line":36,"column":0},"end":{"line":42,"column":1}},"type":"if","locations":[{"start":{"line":36,"column":0},"end":{"line":42,"column":1}}]},"1":{"loc":{"start":{"line":46,"column":0},"end":{"line":54,"column":1}},"type":"if","locations":[{"start":{"line":46,"column":0},"end":{"line":54,"column":1}}]},"2":{"loc":{"start":{"line":57,"column":0},"end":{"line":65,"column":1}},"type":"if","locations":[{"start":{"line":57,"column":0},"end":{"line":65,"column":1}}]},"3":{"loc":{"start":{"line":68,"column":0},"end":{"line":76,"column":1}},"type":"if","locations":[{"start":{"line":68,"column":0},"end":{"line":76,"column":1}}]}},"s":{"0":6,"1":6,"2":6,"3":6,"4":6,"5":6,"6":6,"7":0,"8":0,"9":0,"10":6,"11":0,"12":6,"13":6,"14":6,"15":0},"f":{"0":0,"1":0},"b":{"0":[0],"1":[0],"2":[6],"3":[0]}}
,"E:\\document_management_system\\src\\controllers\\document_controller.ts": {"path":"E:\\document_management_system\\src\\controllers\\document_controller.ts","statementMap":{"0":{"start":{"line":3,"column":0},"end":{"line":3,"column":47}},"1":{"start":{"line":5,"column":0},"end":{"line":5,"column":null}},"2":{"start":{"line":9,"column":0},"end":{"line":9,"column":null}},"3":{"start":{"line":16,"column":0},"end":{"line":16,"column":20}},"4":{"start":{"line":17,"column":0},"end":{"line":17,"column":34}},"5":{"start":{"line":27,"column":34},"end":{"line":49,"column":1}},"6":{"start":{"line":32,"column":2},"end":{"line":48,"column":3}},"7":{"start":{"line":33,"column":27},"end":{"line":33,"column":37}},"8":{"start":{"line":34,"column":21},"end":{"line":34,"column":61}},"9":{"start":{"line":35,"column":4},"end":{"line":37,"column":5}},"10":{"start":{"line":36,"column":6},"end":{"line":36,"column":49}},"11":{"start":{"line":39,"column":4},"end":{"line":43,"column":5}},"12":{"start":{"line":40,"column":6},"end":{"line":42,"column":68}},"13":{"start":{"line":45,"column":4},"end":{"line":45,"column":35}},"14":{"start":{"line":47,"column":4},"end":{"line":47,"column":44}},"15":{"start":{"line":27,"column":13},"end":{"line":27,"column":34}},"16":{"start":{"line":59,"column":34},"end":{"line":80,"column":1}},"17":{"start":{"line":64,"column":2},"end":{"line":79,"column":3}},"18":{"start":{"line":65,"column":27},"end":{"line":65,"column":37}},"19":{"start":{"line":66,"column":21},"end":{"line":66,"column":61}},"20":{"start":{"line":68,"column":4},"end":{"line":70,"column":5}},"21":{"start":{"line":69,"column":6},"end":{"line":69,"column":59}},"22":{"start":{"line":73,"column":4},"end":{"line":73,"column":28}},"23":{"start":{"line":74,"column":4},"end":{"line":74,"column":26}},"24":{"start":{"line":76,"column":4},"end":{"line":76,"column":76}},"25":{"start":{"line":78,"column":4},"end":{"line":78,"column":44}},"26":{"start":{"line":59,"column":13},"end":{"line":59,"column":34}},"27":{"start":{"line":90,"column":26},"end":{"line":104,"column":1}},"28":{"start":{"line":95,"column":2},"end":{"line":103,"column":3}},"29":{"start":{"line":96,"column":22},"end":{"line":99,"column":6}},"30":{"start":{"line":100,"column":4},"end":{"line":100,"column":36}},"31":{"start":{"line":102,"column":4},"end":{"line":102,"column":44}},"32":{"start":{"line":90,"column":13},"end":{"line":90,"column":26}},"33":{"start":{"line":114,"column":31},"end":{"line":139,"column":1}},"34":{"start":{"line":119,"column":2},"end":{"line":138,"column":3}},"35":{"start":{"line":120,"column":27},"end":{"line":120,"column":37}},"36":{"start":{"line":121,"column":21},"end":{"line":121,"column":61}},"37":{"start":{"line":123,"column":4},"end":{"line":125,"column":5}},"38":{"start":{"line":124,"column":6},"end":{"line":124,"column":59}},"39":{"start":{"line":127,"column":4},"end":{"line":129,"column":5}},"40":{"start":{"line":128,"column":6},"end":{"line":128,"column":74}},"41":{"start":{"line":132,"column":4},"end":{"line":132,"column":29}},"42":{"start":{"line":133,"column":4},"end":{"line":133,"column":26}},"43":{"start":{"line":135,"column":4},"end":{"line":135,"column":72}},"44":{"start":{"line":137,"column":4},"end":{"line":137,"column":44}},"45":{"start":{"line":114,"column":13},"end":{"line":114,"column":31}},"46":{"start":{"line":149,"column":41},"end":{"line":175,"column":1}},"47":{"start":{"line":154,"column":2},"end":{"line":174,"column":3}},"48":{"start":{"line":155,"column":27},"end":{"line":155,"column":37}},"49":{"start":{"line":156,"column":21},"end":{"line":156,"column":61}},"50":{"start":{"line":158,"column":4},"end":{"line":160,"column":5}},"51":{"start":{"line":159,"column":6},"end":{"line":159,"column":59}},"52":{"start":{"line":162,"column":4},"end":{"line":164,"column":5}},"53":{"start":{"line":163,"column":6},"end":{"line":163,"column":74}},"54":{"start":{"line":167,"column":4},"end":{"line":167,"column":55}},"55":{"start":{"line":169,"column":4},"end":{"line":171,"column":70}},"56":{"start":{"line":173,"column":4},"end":{"line":173,"column":44}},"57":{"start":{"line":149,"column":13},"end":{"line":149,"column":41}},"58":{"start":{"line":185,"column":32},"end":{"line":228,"column":1}},"59":{"start":{"line":190,"column":2},"end":{"line":227,"column":3}},"60":{"start":{"line":191,"column":27},"end":{"line":191,"column":37}},"61":{"start":{"line":192,"column":23},"end":{"line":192,"column":60}},"62":{"start":{"line":195,"column":21},"end":{"line":195,"column":61}},"63":{"start":{"line":196,"column":4},"end":{"line":198,"column":5}},"64":{"start":{"line":197,"column":6},"end":{"line":197,"column":69}},"65":{"start":{"line":201,"column":20},"end":{"line":201,"column":37}},"66":{"start":{"line":204,"column":4},"end":{"line":207,"column":6}},"67":{"start":{"line":208,"column":4},"end":{"line":208,"column":53}},"68":{"start":{"line":211,"column":23},"end":{"line":211,"column":58}},"69":{"start":{"line":214,"column":4},"end":{"line":224,"column":5}},"70":{"start":{"line":215,"column":6},"end":{"line":215,"column":40}},"71":{"start":{"line":216,"column":11},"end":{"line":224,"column":5}},"72":{"start":{"line":218,"column":26},"end":{"line":218,"column":56}},"73":{"start":{"line":219,"column":6},"end":{"line":219,"column":40}},"74":{"start":{"line":221,"column":6},"end":{"line":223,"column":61}},"75":{"start":{"line":226,"column":4},"end":{"line":226,"column":44}},"76":{"start":{"line":185,"column":13},"end":{"line":185,"column":32}},"77":{"start":{"line":238,"column":31},"end":{"line":268,"column":1}},"78":{"start":{"line":243,"column":2},"end":{"line":267,"column":3}},"79":{"start":{"line":244,"column":19},"end":{"line":244,"column":40}},"80":{"start":{"line":245,"column":46},"end":{"line":245,"column":55}},"81":{"start":{"line":247,"column":16},"end":{"line":247,"column":70}},"82":{"start":{"line":250,"column":4},"end":{"line":254,"column":5}},"83":{"start":{"line":251,"column":6},"end":{"line":253,"column":50}},"84":{"start":{"line":257,"column":4},"end":{"line":260,"column":5}},"85":{"start":{"line":258,"column":24},"end":{"line":258,"column":49}},"86":{"start":{"line":259,"column":6},"end":{"line":259,"column":60}},"87":{"start":{"line":262,"column":22},"end":{"line":262,"column":40}},"88":{"start":{"line":264,"column":4},"end":{"line":264,"column":24}},"89":{"start":{"line":266,"column":4},"end":{"line":266,"column":62}},"90":{"start":{"line":238,"column":13},"end":{"line":238,"column":31}},"91":{"start":{"line":279,"column":31},"end":{"line":325,"column":1}},"92":{"start":{"line":284,"column":25},"end":{"line":284,"column":35}},"93":{"start":{"line":285,"column":21},"end":{"line":285,"column":58}},"94":{"start":{"line":287,"column":2},"end":{"line":324,"column":3}},"95":{"start":{"line":289,"column":21},"end":{"line":289,"column":61}},"96":{"start":{"line":291,"column":4},"end":{"line":293,"column":5}},"97":{"start":{"line":292,"column":6},"end":{"line":292,"column":69}},"98":{"start":{"line":296,"column":4},"end":{"line":298,"column":5}},"99":{"start":{"line":297,"column":6},"end":{"line":297,"column":64}},"100":{"start":{"line":301,"column":20},"end":{"line":301,"column":37}},"101":{"start":{"line":304,"column":17},"end":{"line":304,"column":52}},"102":{"start":{"line":306,"column":4},"end":{"line":308,"column":5}},"103":{"start":{"line":307,"column":6},"end":{"line":307,"column":71}},"104":{"start":{"line":311,"column":4},"end":{"line":321,"column":5}},"105":{"start":{"line":312,"column":25},"end":{"line":312,"column":51}},"106":{"start":{"line":313,"column":6},"end":{"line":313,"column":46}},"107":{"start":{"line":314,"column":11},"end":{"line":321,"column":5}},"108":{"start":{"line":316,"column":26},"end":{"line":316,"column":50}},"109":{"start":{"line":317,"column":25},"end":{"line":317,"column":68}},"110":{"start":{"line":318,"column":6},"end":{"line":318,"column":46}},"111":{"start":{"line":320,"column":6},"end":{"line":320,"column":72}},"112":{"start":{"line":323,"column":4},"end":{"line":323,"column":44}},"113":{"start":{"line":279,"column":13},"end":{"line":279,"column":31}},"114":{"start":{"line":328,"column":34},"end":{"line":362,"column":1}},"115":{"start":{"line":333,"column":2},"end":{"line":335,"column":3}},"116":{"start":{"line":334,"column":4},"end":{"line":334,"column":65}},"117":{"start":{"line":337,"column":2},"end":{"line":361,"column":3}},"118":{"start":{"line":338,"column":17},"end":{"line":338,"column":25}},"119":{"start":{"line":339,"column":21},"end":{"line":339,"column":30}},"120":{"start":{"line":340,"column":23},"end":{"line":340,"column":60}},"121":{"start":{"line":341,"column":20},"end":{"line":341,"column":56}},"122":{"start":{"line":342,"column":24},"end":{"line":342,"column":37}},"123":{"start":{"line":343,"column":21},"end":{"line":343,"column":46}},"124":{"start":{"line":345,"column":4},"end":{"line":345,"column":35}},"125":{"start":{"line":346,"column":4},"end":{"line":346,"column":67}},"126":{"start":{"line":349,"column":4},"end":{"line":349,"column":65}},"127":{"start":{"line":352,"column":4},"end":{"line":352,"column":25}},"128":{"start":{"line":353,"column":4},"end":{"line":353,"column":31}},"129":{"start":{"line":356,"column":4},"end":{"line":356,"column":28}},"130":{"start":{"line":358,"column":4},"end":{"line":358,"column":11}},"131":{"start":{"line":360,"column":4},"end":{"line":360,"column":46}},"132":{"start":{"line":328,"column":13},"end":{"line":328,"column":34}}},"fnMap":{"0":{"name":"(anonymous_1)","decl":{"start":{"line":27,"column":34},"end":{"line":27,"column":39}},"loc":{"start":{"line":31,"column":4},"end":{"line":49,"column":1}}},"1":{"name":"(anonymous_2)","decl":{"start":{"line":59,"column":34},"end":{"line":59,"column":39}},"loc":{"start":{"line":63,"column":4},"end":{"line":80,"column":1}}},"2":{"name":"(anonymous_3)","decl":{"start":{"line":90,"column":26},"end":{"line":90,"column":31}},"loc":{"start":{"line":94,"column":4},"end":{"line":104,"column":1}}},"3":{"name":"(anonymous_4)","decl":{"start":{"line":114,"column":31},"end":{"line":114,"column":36}},"loc":{"start":{"line":118,"column":4},"end":{"line":139,"column":1}}},"4":{"name":"(anonymous_5)","decl":{"start":{"line":149,"column":41},"end":{"line":149,"column":46}},"loc":{"start":{"line":153,"column":4},"end":{"line":175,"column":1}}},"5":{"name":"(anonymous_6)","decl":{"start":{"line":185,"column":32},"end":{"line":185,"column":37}},"loc":{"start":{"line":189,"column":4},"end":{"line":228,"column":1}}},"6":{"name":"(anonymous_7)","decl":{"start":{"line":238,"column":31},"end":{"line":238,"column":36}},"loc":{"start":{"line":242,"column":4},"end":{"line":268,"column":1}}},"7":{"name":"(anonymous_8)","decl":{"start":{"line":279,"column":31},"end":{"line":279,"column":36}},"loc":{"start":{"line":283,"column":4},"end":{"line":325,"column":1}}},"8":{"name":"(anonymous_9)","decl":{"start":{"line":328,"column":34},"end":{"line":328,"column":39}},"loc":{"start":{"line":332,"column":4},"end":{"line":362,"column":1}}}},"branchMap":{"0":{"loc":{"start":{"line":35,"column":4},"end":{"line":37,"column":5}},"type":"if","locations":[{"start":{"line":35,"column":4},"end":{"line":37,"column":5}}]},"1":{"loc":{"start":{"line":39,"column":4},"end":{"line":43,"column":5}},"type":"if","locations":[{"start":{"line":39,"column":4},"end":{"line":43,"column":5}}]},"2":{"loc":{"start":{"line":68,"column":4},"end":{"line":70,"column":5}},"type":"if","locations":[{"start":{"line":68,"column":4},"end":{"line":70,"column":5}}]},"3":{"loc":{"start":{"line":123,"column":4},"end":{"line":125,"column":5}},"type":"if","locations":[{"start":{"line":123,"column":4},"end":{"line":125,"column":5}}]},"4":{"loc":{"start":{"line":127,"column":4},"end":{"line":129,"column":5}},"type":"if","locations":[{"start":{"line":127,"column":4},"end":{"line":129,"column":5}}]},"5":{"loc":{"start":{"line":158,"column":4},"end":{"line":160,"column":5}},"type":"if","locations":[{"start":{"line":158,"column":4},"end":{"line":160,"column":5}}]},"6":{"loc":{"start":{"line":162,"column":4},"end":{"line":164,"column":5}},"type":"if","locations":[{"start":{"line":162,"column":4},"end":{"line":164,"column":5}}]},"7":{"loc":{"start":{"line":196,"column":4},"end":{"line":198,"column":5}},"type":"if","locations":[{"start":{"line":196,"column":4},"end":{"line":198,"column":5}}]},"8":{"loc":{"start":{"line":214,"column":4},"end":{"line":224,"column":5}},"type":"if","locations":[{"start":{"line":214,"column":4},"end":{"line":224,"column":5}},{"start":{"line":216,"column":11},"end":{"line":224,"column":5}}]},"9":{"loc":{"start":{"line":216,"column":11},"end":{"line":224,"column":5}},"type":"if","locations":[{"start":{"line":216,"column":11},"end":{"line":224,"column":5}},{"start":{"line":220,"column":11},"end":{"line":224,"column":5}}]},"10":{"loc":{"start":{"line":245,"column":28},"end":{"line":245,"column":41}},"type":"default-arg","locations":[{"start":{"line":245,"column":36},"end":{"line":245,"column":41}}]},"11":{"loc":{"start":{"line":250,"column":4},"end":{"line":254,"column":5}},"type":"if","locations":[{"start":{"line":250,"column":4},"end":{"line":254,"column":5}}]},"12":{"loc":{"start":{"line":257,"column":4},"end":{"line":260,"column":5}},"type":"if","locations":[{"start":{"line":257,"column":4},"end":{"line":260,"column":5}}]},"13":{"loc":{"start":{"line":258,"column":24},"end":{"line":258,"column":49}},"type":"cond-expr","locations":[{"start":{"line":258,"column":43},"end":{"line":258,"column":45}},{"start":{"line":258,"column":48},"end":{"line":258,"column":49}}]},"14":{"loc":{"start":{"line":291,"column":4},"end":{"line":293,"column":5}},"type":"if","locations":[{"start":{"line":291,"column":4},"end":{"line":293,"column":5}}]},"15":{"loc":{"start":{"line":296,"column":4},"end":{"line":298,"column":5}},"type":"if","locations":[{"start":{"line":296,"column":4},"end":{"line":298,"column":5}}]},"16":{"loc":{"start":{"line":306,"column":4},"end":{"line":308,"column":5}},"type":"if","locations":[{"start":{"line":306,"column":4},"end":{"line":308,"column":5}}]},"17":{"loc":{"start":{"line":311,"column":4},"end":{"line":321,"column":5}},"type":"if","locations":[{"start":{"line":311,"column":4},"end":{"line":321,"column":5}},{"start":{"line":314,"column":11},"end":{"line":321,"column":5}}]},"18":{"loc":{"start":{"line":314,"column":11},"end":{"line":321,"column":5}},"type":"if","locations":[{"start":{"line":314,"column":11},"end":{"line":321,"column":5}},{"start":{"line":319,"column":11},"end":{"line":321,"column":5}}]},"19":{"loc":{"start":{"line":333,"column":2},"end":{"line":335,"column":3}},"type":"if","locations":[{"start":{"line":333,"column":2},"end":{"line":335,"column":3}}]}},"s":{"0":6,"1":6,"2":6,"3":6,"4":6,"5":6,"6":3,"7":3,"8":3,"9":3,"10":1,"11":2,"12":1,"13":1,"14":0,"15":6,"16":6,"17":1,"18":1,"19":1,"20":1,"21":0,"22":1,"23":1,"24":1,"25":0,"26":6,"27":6,"28":1,"29":1,"30":1,"31":0,"32":6,"33":6,"34":1,"35":1,"36":1,"37":1,"38":0,"39":1,"40":0,"41":1,"42":1,"43":1,"44":0,"45":6,"46":6,"47":1,"48":1,"49":1,"50":1,"51":0,"52":1,"53":0,"54":1,"55":1,"56":0,"57":6,"58":6,"59":2,"60":2,"61":2,"62":2,"63":2,"64":1,"65":1,"66":1,"67":1,"68":1,"69":1,"70":1,"71":0,"72":0,"73":0,"74":0,"75":0,"76":6,"77":6,"78":5,"79":5,"80":5,"81":5,"82":4,"83":1,"84":4,"85":2,"86":2,"87":4,"88":4,"89":1,"90":6,"91":6,"92":2,"93":2,"94":2,"95":2,"96":2,"97":1,"98":1,"99":0,"100":1,"101":1,"102":1,"103":0,"104":1,"105":1,"106":1,"107":0,"108":0,"109":0,"110":0,"111":0,"112":0,"113":6,"114":6,"115":2,"116":0,"117":2,"118":2,"119":2,"120":2,"121":2,"122":2,"123":2,"124":2,"125":2,"126":2,"127":2,"128":2,"129":2,"130":2,"131":0,"132":6},"f":{"0":3,"1":1,"2":1,"3":1,"4":1,"5":2,"6":5,"7":2,"8":2},"b":{"0":[1],"1":[1],"2":[0],"3":[0],"4":[0],"5":[0],"6":[0],"7":[1],"8":[1,0],"9":[0,0],"10":[3],"11":[1],"12":[2],"13":[1,1],"14":[1],"15":[0],"16":[0],"17":[1,0],"18":[0,0],"19":[0]}}
,"E:\\document_management_system\\src\\controllers\\favorite_controller.ts": {"path":"E:\\document_management_system\\src\\controllers\\favorite_controller.ts","statementMap":{"0":{"start":{"line":3,"column":0},"end":{"line":3,"column":42}},"1":{"start":{"line":4,"column":0},"end":{"line":4,"column":44}},"2":{"start":{"line":14,"column":27},"end":{"line":47,"column":1}},"3":{"start":{"line":19,"column":17},"end":{"line":19,"column":38}},"4":{"start":{"line":20,"column":26},"end":{"line":20,"column":36}},"5":{"start":{"line":22,"column":2},"end":{"line":46,"column":3}},"6":{"start":{"line":24,"column":22},"end":{"line":24,"column":59}},"7":{"start":{"line":25,"column":4},"end":{"line":27,"column":5}},"8":{"start":{"line":26,"column":6},"end":{"line":26,"column":70}},"9":{"start":{"line":30,"column":29},"end":{"line":30,"column":76}},"10":{"start":{"line":31,"column":4},"end":{"line":33,"column":5}},"11":{"start":{"line":32,"column":6},"end":{"line":32,"column":78}},"12":{"start":{"line":36,"column":24},"end":{"line":39,"column":6}},"13":{"start":{"line":41,"column":4},"end":{"line":41,"column":29}},"14":{"start":{"line":43,"column":4},"end":{"line":43,"column":70}},"15":{"start":{"line":45,"column":4},"end":{"line":45,"column":16}},"16":{"start":{"line":14,"column":13},"end":{"line":14,"column":27}},"17":{"start":{"line":57,"column":30},"end":{"line":80,"column":1}},"18":{"start":{"line":62,"column":17},"end":{"line":62,"column":38}},"19":{"start":{"line":63,"column":26},"end":{"line":63,"column":36}},"20":{"start":{"line":65,"column":2},"end":{"line":79,"column":3}},"21":{"start":{"line":67,"column":28},"end":{"line":70,"column":6}},"22":{"start":{"line":72,"column":4},"end":{"line":74,"column":5}},"23":{"start":{"line":73,"column":6},"end":{"line":73,"column":69}},"24":{"start":{"line":76,"column":4},"end":{"line":76,"column":74}},"25":{"start":{"line":78,"column":4},"end":{"line":78,"column":16}},"26":{"start":{"line":57,"column":13},"end":{"line":57,"column":30}},"27":{"start":{"line":90,"column":28},"end":{"line":105,"column":1}},"28":{"start":{"line":95,"column":17},"end":{"line":95,"column":38}},"29":{"start":{"line":97,"column":2},"end":{"line":104,"column":3}},"30":{"start":{"line":99,"column":22},"end":{"line":99,"column":77}},"31":{"start":{"line":101,"column":4},"end":{"line":101,"column":66}},"32":{"start":{"line":101,"column":48},"end":{"line":101,"column":63}},"33":{"start":{"line":103,"column":4},"end":{"line":103,"column":16}},"34":{"start":{"line":90,"column":13},"end":{"line":90,"column":28}},"35":{"start":{"line":115,"column":32},"end":{"line":135,"column":1}},"36":{"start":{"line":120,"column":17},"end":{"line":120,"column":38}},"37":{"start":{"line":121,"column":26},"end":{"line":121,"column":36}},"38":{"start":{"line":123,"column":2},"end":{"line":134,"column":3}},"39":{"start":{"line":125,"column":21},"end":{"line":125,"column":68}},"40":{"start":{"line":127,"column":4},"end":{"line":131,"column":5}},"41":{"start":{"line":128,"column":6},"end":{"line":128,"column":57}},"42":{"start":{"line":130,"column":6},"end":{"line":130,"column":58}},"43":{"start":{"line":133,"column":4},"end":{"line":133,"column":16}},"44":{"start":{"line":115,"column":13},"end":{"line":115,"column":32}}},"fnMap":{"0":{"name":"(anonymous_1)","decl":{"start":{"line":14,"column":27},"end":{"line":14,"column":32}},"loc":{"start":{"line":18,"column":4},"end":{"line":47,"column":1}}},"1":{"name":"(anonymous_2)","decl":{"start":{"line":57,"column":30},"end":{"line":57,"column":35}},"loc":{"start":{"line":61,"column":4},"end":{"line":80,"column":1}}},"2":{"name":"(anonymous_3)","decl":{"start":{"line":90,"column":28},"end":{"line":90,"column":33}},"loc":{"start":{"line":94,"column":4},"end":{"line":105,"column":1}}},"3":{"name":"(anonymous_4)","decl":{"start":{"line":101,"column":39},"end":{"line":101,"column":40}},"loc":{"start":{"line":101,"column":48},"end":{"line":101,"column":63}}},"4":{"name":"(anonymous_5)","decl":{"start":{"line":115,"column":32},"end":{"line":115,"column":37}},"loc":{"start":{"line":119,"column":4},"end":{"line":135,"column":1}}}},"branchMap":{"0":{"loc":{"start":{"line":25,"column":4},"end":{"line":27,"column":5}},"type":"if","locations":[{"start":{"line":25,"column":4},"end":{"line":27,"column":5}}]},"1":{"loc":{"start":{"line":31,"column":4},"end":{"line":33,"column":5}},"type":"if","locations":[{"start":{"line":31,"column":4},"end":{"line":33,"column":5}}]},"2":{"loc":{"start":{"line":72,"column":4},"end":{"line":74,"column":5}},"type":"if","locations":[{"start":{"line":72,"column":4},"end":{"line":74,"column":5}}]},"3":{"loc":{"start":{"line":127,"column":4},"end":{"line":131,"column":5}},"type":"if","locations":[{"start":{"line":127,"column":4},"end":{"line":131,"column":5}},{"start":{"line":129,"column":11},"end":{"line":131,"column":5}}]}},"s":{"0":6,"1":6,"2":6,"3":2,"4":2,"5":2,"6":2,"7":2,"8":0,"9":2,"10":2,"11":1,"12":1,"13":1,"14":1,"15":0,"16":6,"17":6,"18":1,"19":1,"20":1,"21":1,"22":1,"23":0,"24":1,"25":0,"26":6,"27":6,"28":1,"29":1,"30":1,"31":1,"32":3,"33":0,"34":6,"35":6,"36":2,"37":2,"38":2,"39":2,"40":2,"41":1,"42":1,"43":0,"44":6},"f":{"0":2,"1":1,"2":1,"3":3,"4":2},"b":{"0":[0],"1":[1],"2":[0],"3":[1,1]}}
,"E:\\document_management_system\\src\\controllers\\user_controllers.ts": {"path":"E:\\document_management_system\\src\\controllers\\user_controllers.ts","statementMap":{"0":{"start":{"line":2,"column":0},"end":{"line":2,"column":43}},"1":{"start":{"line":3,"column":0},"end":{"line":3,"column":47}},"2":{"start":{"line":4,"column":0},"end":{"line":4,"column":null}},"3":{"start":{"line":11,"column":13},"end":{"line":11,"column":28}},"4":{"start":{"line":21,"column":27},"end":{"line":32,"column":1}},"5":{"start":{"line":26,"column":2},"end":{"line":31,"column":3}},"6":{"start":{"line":27,"column":21},"end":{"line":27,"column":39}},"7":{"start":{"line":28,"column":4},"end":{"line":28,"column":23}},"8":{"start":{"line":30,"column":4},"end":{"line":30,"column":14}},"9":{"start":{"line":21,"column":13},"end":{"line":21,"column":27}},"10":{"start":{"line":42,"column":27},"end":{"line":57,"column":1}},"11":{"start":{"line":47,"column":2},"end":{"line":56,"column":3}},"12":{"start":{"line":48,"column":22},"end":{"line":48,"column":32}},"13":{"start":{"line":49,"column":21},"end":{"line":49,"column":50}},"14":{"start":{"line":50,"column":4},"end":{"line":52,"column":5}},"15":{"start":{"line":51,"column":6},"end":{"line":51,"column":41}},"16":{"start":{"line":53,"column":4},"end":{"line":53,"column":23}},"17":{"start":{"line":55,"column":4},"end":{"line":55,"column":14}},"18":{"start":{"line":42,"column":13},"end":{"line":42,"column":27}},"19":{"start":{"line":67,"column":28},"end":{"line":106,"column":1}},"20":{"start":{"line":72,"column":66},"end":{"line":72,"column":74}},"21":{"start":{"line":73,"column":2},"end":{"line":105,"column":3}},"22":{"start":{"line":74,"column":4},"end":{"line":76,"column":5}},"23":{"start":{"line":75,"column":6},"end":{"line":75,"column":55}},"24":{"start":{"line":77,"column":4},"end":{"line":82,"column":5}},"25":{"start":{"line":78,"column":6},"end":{"line":80,"column":9}},"26":{"start":{"line":81,"column":6},"end":{"line":81,"column":46}},"27":{"start":{"line":83,"column":20},"end":{"line":89,"column":6}},"28":{"start":{"line":90,"column":18},"end":{"line":94,"column":null}},"29":{"start":{"line":96,"column":4},"end":{"line":102,"column":7}},"30":{"start":{"line":104,"column":4},"end":{"line":104,"column":16}},"31":{"start":{"line":67,"column":13},"end":{"line":67,"column":28}},"32":{"start":{"line":116,"column":25},"end":{"line":143,"column":1}},"33":{"start":{"line":121,"column":30},"end":{"line":121,"column":38}},"34":{"start":{"line":122,"column":2},"end":{"line":142,"column":3}},"35":{"start":{"line":123,"column":4},"end":{"line":125,"column":5}},"36":{"start":{"line":124,"column":6},"end":{"line":124,"column":38}},"37":{"start":{"line":126,"column":24},"end":{"line":126,"column":68}},"38":{"start":{"line":127,"column":18},"end":{"line":131,"column":null}},"39":{"start":{"line":133,"column":4},"end":{"line":139,"column":7}},"40":{"start":{"line":141,"column":4},"end":{"line":141,"column":16}},"41":{"start":{"line":116,"column":13},"end":{"line":116,"column":25}},"42":{"start":{"line":153,"column":26},"end":{"line":169,"column":1}},"43":{"start":{"line":158,"column":2},"end":{"line":168,"column":3}},"44":{"start":{"line":159,"column":18},"end":{"line":159,"column":43}},"45":{"start":{"line":160,"column":20},"end":{"line":160,"column":60}},"46":{"start":{"line":161,"column":4},"end":{"line":163,"column":5}},"47":{"start":{"line":162,"column":6},"end":{"line":162,"column":58}},"48":{"start":{"line":164,"column":24},"end":{"line":164,"column":59}},"49":{"start":{"line":165,"column":4},"end":{"line":165,"column":26}},"50":{"start":{"line":167,"column":4},"end":{"line":167,"column":16}},"51":{"start":{"line":153,"column":13},"end":{"line":153,"column":26}}},"fnMap":{"0":{"name":"(anonymous_0)","decl":{"start":{"line":21,"column":27},"end":{"line":21,"column":32}},"loc":{"start":{"line":25,"column":19},"end":{"line":32,"column":1}}},"1":{"name":"(anonymous_1)","decl":{"start":{"line":42,"column":27},"end":{"line":42,"column":32}},"loc":{"start":{"line":46,"column":19},"end":{"line":57,"column":1}}},"2":{"name":"(anonymous_2)","decl":{"start":{"line":67,"column":28},"end":{"line":67,"column":33}},"loc":{"start":{"line":71,"column":19},"end":{"line":106,"column":1}}},"3":{"name":"(anonymous_3)","decl":{"start":{"line":116,"column":25},"end":{"line":116,"column":30}},"loc":{"start":{"line":120,"column":19},"end":{"line":143,"column":1}}},"4":{"name":"(anonymous_4)","decl":{"start":{"line":153,"column":26},"end":{"line":153,"column":31}},"loc":{"start":{"line":157,"column":19},"end":{"line":169,"column":1}}}},"branchMap":{"0":{"loc":{"start":{"line":50,"column":4},"end":{"line":52,"column":5}},"type":"if","locations":[{"start":{"line":50,"column":4},"end":{"line":52,"column":5}}]},"1":{"loc":{"start":{"line":74,"column":4},"end":{"line":76,"column":5}},"type":"if","locations":[{"start":{"line":74,"column":4},"end":{"line":76,"column":5}}]},"2":{"loc":{"start":{"line":74,"column":8},"end":{"line":74,"column":72}},"type":"binary-expr","locations":[{"start":{"line":74,"column":8},"end":{"line":74,"column":20}},{"start":{"line":74,"column":24},"end":{"line":74,"column":35}},{"start":{"line":74,"column":39},"end":{"line":74,"column":49}},{"start":{"line":74,"column":53},"end":{"line":74,"column":59}},{"start":{"line":74,"column":63},"end":{"line":74,"column":72}}]},"3":{"loc":{"start":{"line":77,"column":4},"end":{"line":82,"column":5}},"type":"if","locations":[{"start":{"line":77,"column":4},"end":{"line":82,"column":5}}]},"4":{"loc":{"start":{"line":123,"column":4},"end":{"line":125,"column":5}},"type":"if","locations":[{"start":{"line":123,"column":4},"end":{"line":125,"column":5}}]},"5":{"loc":{"start":{"line":123,"column":8},"end":{"line":123,"column":27}},"type":"binary-expr","locations":[{"start":{"line":123,"column":8},"end":{"line":123,"column":14}},{"start":{"line":123,"column":18},"end":{"line":123,"column":27}}]},"6":{"loc":{"start":{"line":161,"column":4},"end":{"line":163,"column":5}},"type":"if","locations":[{"start":{"line":161,"column":4},"end":{"line":163,"column":5}}]}},"s":{"0":6,"1":6,"2":6,"3":6,"4":6,"5":1,"6":1,"7":1,"8":0,"9":6,"10":6,"11":2,"12":2,"13":2,"14":2,"15":1,"16":1,"17":1,"18":6,"19":6,"20":2,"21":2,"22":2,"23":0,"24":2,"25":1,"26":1,"27":2,"28":1,"29":1,"30":1,"31":6,"32":6,"33":2,"34":2,"35":2,"36":0,"37":2,"38":1,"39":1,"40":1,"41":6,"42":6,"43":1,"44":1,"45":1,"46":1,"47":0,"48":1,"49":1,"50":0,"51":6},"f":{"0":1,"1":2,"2":2,"3":2,"4":1},"b":{"0":[1],"1":[0],"2":[2,2,2,2,2],"3":[1],"4":[0],"5":[2,2],"6":[0]}}
,"E:\\document_management_system\\src\\controllers\\user_otp_controller.ts": {"path":"E:\\document_management_system\\src\\controllers\\user_otp_controller.ts","statementMap":{"0":{"start":{"line":2,"column":0},"end":{"line":2,"column":50}},"1":{"start":{"line":3,"column":0},"end":{"line":3,"column":43}},"2":{"start":{"line":6,"column":21},"end":{"line":6,"column":39}},"3":{"start":{"line":7,"column":18},"end":{"line":7,"column":33}},"4":{"start":{"line":12,"column":27},"end":{"line":29,"column":1}},"5":{"start":{"line":17,"column":20},"end":{"line":17,"column":28}},"6":{"start":{"line":18,"column":2},"end":{"line":28,"column":3}},"7":{"start":{"line":19,"column":17},"end":{"line":19,"column":61}},"8":{"start":{"line":20,"column":4},"end":{"line":22,"column":5}},"9":{"start":{"line":21,"column":6},"end":{"line":21,"column":69}},"10":{"start":{"line":24,"column":20},"end":{"line":24,"column":67}},"11":{"start":{"line":25,"column":4},"end":{"line":25,"column":73}},"12":{"start":{"line":27,"column":4},"end":{"line":27,"column":16}},"13":{"start":{"line":12,"column":13},"end":{"line":12,"column":27}},"14":{"start":{"line":34,"column":25},"end":{"line":51,"column":1}},"15":{"start":{"line":39,"column":25},"end":{"line":39,"column":33}},"16":{"start":{"line":40,"column":2},"end":{"line":50,"column":3}},"17":{"start":{"line":41,"column":20},"end":{"line":43,"column":null}},"18":{"start":{"line":45,"column":4},"end":{"line":47,"column":5}},"19":{"start":{"line":46,"column":6},"end":{"line":46,"column":69}},"20":{"start":{"line":49,"column":4},"end":{"line":49,"column":16}},"21":{"start":{"line":34,"column":13},"end":{"line":34,"column":25}}},"fnMap":{"0":{"name":"(anonymous_0)","decl":{"start":{"line":12,"column":27},"end":{"line":12,"column":32}},"loc":{"start":{"line":16,"column":4},"end":{"line":29,"column":1}}},"1":{"name":"(anonymous_1)","decl":{"start":{"line":34,"column":25},"end":{"line":34,"column":30}},"loc":{"start":{"line":38,"column":4},"end":{"line":51,"column":1}}}},"branchMap":{"0":{"loc":{"start":{"line":20,"column":4},"end":{"line":22,"column":5}},"type":"if","locations":[{"start":{"line":20,"column":4},"end":{"line":22,"column":5}}]},"1":{"loc":{"start":{"line":45,"column":4},"end":{"line":47,"column":5}},"type":"if","locations":[{"start":{"line":45,"column":4},"end":{"line":47,"column":5}}]}},"s":{"0":6,"1":6,"2":6,"3":6,"4":6,"5":0,"6":0,"7":0,"8":0,"9":0,"10":0,"11":0,"12":0,"13":6,"14":6,"15":0,"16":0,"17":0,"18":0,"19":0,"20":0,"21":6},"f":{"0":0,"1":0},"b":{"0":[0],"1":[0]}}
,"E:\\document_management_system\\src\\controllers\\workspace_controller.ts": {"path":"E:\\document_management_system\\src\\controllers\\workspace_controller.ts","statementMap":{"0":{"start":{"line":3,"column":0},"end":{"line":3,"column":60}},"1":{"start":{"line":4,"column":0},"end":{"line":4,"column":42}},"2":{"start":{"line":5,"column":0},"end":{"line":5,"column":null}},"3":{"start":{"line":9,"column":0},"end":{"line":9,"column":20}},"4":{"start":{"line":10,"column":0},"end":{"line":10,"column":24}},"5":{"start":{"line":20,"column":32},"end":{"line":36,"column":1}},"6":{"start":{"line":25,"column":2},"end":{"line":35,"column":3}},"7":{"start":{"line":26,"column":23},"end":{"line":31,"column":6}},"8":{"start":{"line":32,"column":4},"end":{"line":32,"column":25}},"9":{"start":{"line":34,"column":4},"end":{"line":34,"column":44}},"10":{"start":{"line":20,"column":13},"end":{"line":20,"column":32}},"11":{"start":{"line":45,"column":32},"end":{"line":88,"column":1}},"12":{"start":{"line":50,"column":2},"end":{"line":87,"column":3}},"13":{"start":{"line":51,"column":28},"end":{"line":51,"column":38}},"14":{"start":{"line":52,"column":46},"end":{"line":52,"column":55}},"15":{"start":{"line":53,"column":19},"end":{"line":53,"column":40}},"16":{"start":{"line":54,"column":22},"end":{"line":54,"column":37}},"17":{"start":{"line":55,"column":22},"end":{"line":55,"column":47}},"18":{"start":{"line":57,"column":22},"end":{"line":68,"column":13}},"19":{"start":{"line":70,"column":4},"end":{"line":72,"column":5}},"20":{"start":{"line":71,"column":6},"end":{"line":71,"column":70}},"21":{"start":{"line":74,"column":30},"end":{"line":74,"column":38}},"22":{"start":{"line":76,"column":4},"end":{"line":78,"column":5}},"23":{"start":{"line":77,"column":6},"end":{"line":77,"column":21}},"24":{"start":{"line":80,"column":4},"end":{"line":82,"column":5}},"25":{"start":{"line":81,"column":6},"end":{"line":81,"column":55}},"26":{"start":{"line":84,"column":4},"end":{"line":84,"column":34}},"27":{"start":{"line":86,"column":4},"end":{"line":86,"column":62}},"28":{"start":{"line":45,"column":13},"end":{"line":45,"column":32}},"29":{"start":{"line":97,"column":31},"end":{"line":116,"column":1}},"30":{"start":{"line":102,"column":28},"end":{"line":102,"column":36}},"31":{"start":{"line":104,"column":2},"end":{"line":115,"column":3}},"32":{"start":{"line":105,"column":22},"end":{"line":109,"column":6}},"33":{"start":{"line":110,"column":4},"end":{"line":110,"column":27}},"34":{"start":{"line":112,"column":4},"end":{"line":112,"column":36}},"35":{"start":{"line":114,"column":4},"end":{"line":114,"column":44}},"36":{"start":{"line":97,"column":13},"end":{"line":97,"column":31}},"37":{"start":{"line":125,"column":31},"end":{"line":156,"column":1}},"38":{"start":{"line":130,"column":26},"end":{"line":130,"column":36}},"39":{"start":{"line":131,"column":41},"end":{"line":131,"column":49}},"40":{"start":{"line":133,"column":2},"end":{"line":155,"column":3}},"41":{"start":{"line":134,"column":22},"end":{"line":134,"column":59}},"42":{"start":{"line":136,"column":4},"end":{"line":138,"column":5}},"43":{"start":{"line":137,"column":6},"end":{"line":137,"column":60}},"44":{"start":{"line":140,"column":4},"end":{"line":144,"column":5}},"45":{"start":{"line":141,"column":6},"end":{"line":143,"column":70}},"46":{"start":{"line":146,"column":4},"end":{"line":146,"column":71}},"47":{"start":{"line":147,"column":4},"end":{"line":147,"column":65}},"48":{"start":{"line":148,"column":4},"end":{"line":148,"column":37}},"49":{"start":{"line":150,"column":4},"end":{"line":150,"column":27}},"50":{"start":{"line":152,"column":4},"end":{"line":152,"column":24}},"51":{"start":{"line":154,"column":4},"end":{"line":154,"column":62}},"52":{"start":{"line":125,"column":13},"end":{"line":125,"column":31}},"53":{"start":{"line":165,"column":31},"end":{"line":183,"column":1}},"54":{"start":{"line":170,"column":26},"end":{"line":170,"column":36}},"55":{"start":{"line":172,"column":2},"end":{"line":182,"column":3}},"56":{"start":{"line":173,"column":22},"end":{"line":173,"column":68}},"57":{"start":{"line":175,"column":4},"end":{"line":177,"column":5}},"58":{"start":{"line":176,"column":6},"end":{"line":176,"column":60}},"59":{"start":{"line":179,"column":4},"end":{"line":179,"column":27}},"60":{"start":{"line":181,"column":4},"end":{"line":181,"column":62}},"61":{"start":{"line":165,"column":13},"end":{"line":165,"column":31}},"62":{"start":{"line":192,"column":38},"end":{"line":250,"column":1}},"63":{"start":{"line":197,"column":2},"end":{"line":249,"column":3}},"64":{"start":{"line":198,"column":21},"end":{"line":198,"column":24}},"65":{"start":{"line":199,"column":28},"end":{"line":199,"column":38}},"66":{"start":{"line":200,"column":48},"end":{"line":200,"column":56}},"67":{"start":{"line":202,"column":22},"end":{"line":202,"column":59}},"68":{"start":{"line":203,"column":4},"end":{"line":205,"column":5}},"69":{"start":{"line":204,"column":6},"end":{"line":204,"column":70}},"70":{"start":{"line":207,"column":4},"end":{"line":209,"column":5}},"71":{"start":{"line":208,"column":6},"end":{"line":208,"column":67}},"72":{"start":{"line":211,"column":32},"end":{"line":213,"column":6}},"73":{"start":{"line":215,"column":25},"end":{"line":215,"column":65}},"74":{"start":{"line":216,"column":21},"end":{"line":216,"column":34}},"75":{"start":{"line":218,"column":24},"end":{"line":238,"column":6}},"76":{"start":{"line":240,"column":4},"end":{"line":240,"column":29}},"77":{"start":{"line":241,"column":4},"end":{"line":241,"column":70}},"78":{"start":{"line":243,"column":4},"end":{"line":246,"column":7}},"79":{"start":{"line":248,"column":4},"end":{"line":248,"column":44}},"80":{"start":{"line":192,"column":13},"end":{"line":192,"column":38}},"81":{"start":{"line":259,"column":43},"end":{"line":279,"column":1}},"82":{"start":{"line":264,"column":2},"end":{"line":278,"column":3}},"83":{"start":{"line":265,"column":40},"end":{"line":265,"column":50}},"84":{"start":{"line":266,"column":22},"end":{"line":266,"column":59}},"85":{"start":{"line":268,"column":4},"end":{"line":270,"column":5}},"86":{"start":{"line":269,"column":6},"end":{"line":269,"column":70}},"87":{"start":{"line":272,"column":4},"end":{"line":272,"column":47}},"88":{"start":{"line":273,"column":4},"end":{"line":273,"column":49}},"89":{"start":{"line":275,"column":4},"end":{"line":275,"column":24}},"90":{"start":{"line":277,"column":4},"end":{"line":277,"column":44}},"91":{"start":{"line":259,"column":13},"end":{"line":259,"column":43}},"92":{"start":{"line":321,"column":41},"end":{"line":346,"column":1}},"93":{"start":{"line":326,"column":2},"end":{"line":345,"column":3}},"94":{"start":{"line":327,"column":27},"end":{"line":327,"column":37}},"95":{"start":{"line":328,"column":21},"end":{"line":328,"column":56}},"96":{"start":{"line":330,"column":4},"end":{"line":332,"column":5}},"97":{"start":{"line":331,"column":6},"end":{"line":331,"column":69}},"98":{"start":{"line":334,"column":21},"end":{"line":334,"column":38}},"99":{"start":{"line":336,"column":4},"end":{"line":338,"column":5}},"100":{"start":{"line":337,"column":6},"end":{"line":337,"column":75}},"101":{"start":{"line":340,"column":4},"end":{"line":340,"column":53}},"102":{"start":{"line":341,"column":23},"end":{"line":341,"column":52}},"103":{"start":{"line":342,"column":4},"end":{"line":342,"column":25}},"104":{"start":{"line":344,"column":4},"end":{"line":344,"column":44}},"105":{"start":{"line":321,"column":13},"end":{"line":321,"column":41}},"106":{"start":{"line":355,"column":30},"end":{"line":410,"column":1}},"107":{"start":{"line":360,"column":32},"end":{"line":360,"column":40}},"108":{"start":{"line":361,"column":26},"end":{"line":361,"column":36}},"109":{"start":{"line":362,"column":17},"end":{"line":362,"column":38}},"110":{"start":{"line":363,"column":20},"end":{"line":363,"column":35}},"111":{"start":{"line":365,"column":2},"end":{"line":409,"column":3}},"112":{"start":{"line":366,"column":22},"end":{"line":366,"column":59}},"113":{"start":{"line":367,"column":4},"end":{"line":369,"column":5}},"114":{"start":{"line":368,"column":6},"end":{"line":368,"column":60}},"115":{"start":{"line":371,"column":4},"end":{"line":373,"column":5}},"116":{"start":{"line":372,"column":6},"end":{"line":372,"column":55}},"117":{"start":{"line":375,"column":4},"end":{"line":377,"column":5}},"118":{"start":{"line":376,"column":6},"end":{"line":376,"column":56}},"119":{"start":{"line":379,"column":4},"end":{"line":381,"column":5}},"120":{"start":{"line":380,"column":6},"end":{"line":380,"column":65}},"121":{"start":{"line":383,"column":21},"end":{"line":383,"column":62}},"122":{"start":{"line":384,"column":4},"end":{"line":388,"column":5}},"123":{"start":{"line":385,"column":6},"end":{"line":387,"column":9}},"124":{"start":{"line":390,"column":31},"end":{"line":391,"column":null}},"125":{"start":{"line":391,"column":28},"end":{"line":391,"column":52}},"126":{"start":{"line":394,"column":4},"end":{"line":398,"column":5}},"127":{"start":{"line":395,"column":6},"end":{"line":397,"column":9}},"128":{"start":{"line":400,"column":4},"end":{"line":404,"column":5}},"129":{"start":{"line":401,"column":6},"end":{"line":401,"column":45}},"130":{"start":{"line":403,"column":6},"end":{"line":403,"column":45}},"131":{"start":{"line":406,"column":4},"end":{"line":406,"column":69}},"132":{"start":{"line":408,"column":4},"end":{"line":408,"column":44}},"133":{"start":{"line":355,"column":13},"end":{"line":355,"column":30}},"134":{"start":{"line":419,"column":35},"end":{"line":439,"column":1}},"135":{"start":{"line":424,"column":20},"end":{"line":424,"column":35}},"136":{"start":{"line":426,"column":2},"end":{"line":438,"column":3}},"137":{"start":{"line":427,"column":4},"end":{"line":429,"column":5}},"138":{"start":{"line":428,"column":6},"end":{"line":428,"column":73}},"139":{"start":{"line":431,"column":29},"end":{"line":433,"column":6}},"140":{"start":{"line":435,"column":4},"end":{"line":435,"column":43}},"141":{"start":{"line":437,"column":4},"end":{"line":437,"column":16}},"142":{"start":{"line":419,"column":13},"end":{"line":419,"column":35}},"143":{"start":{"line":448,"column":35},"end":{"line":464,"column":1}},"144":{"start":{"line":453,"column":2},"end":{"line":463,"column":3}},"145":{"start":{"line":454,"column":19},"end":{"line":454,"column":40}},"146":{"start":{"line":456,"column":29},"end":{"line":458,"column":15}},"147":{"start":{"line":460,"column":4},"end":{"line":460,"column":43}},"148":{"start":{"line":462,"column":4},"end":{"line":462,"column":16}},"149":{"start":{"line":448,"column":13},"end":{"line":448,"column":35}}},"fnMap":{"0":{"name":"(anonymous_1)","decl":{"start":{"line":20,"column":32},"end":{"line":20,"column":37}},"loc":{"start":{"line":24,"column":4},"end":{"line":36,"column":1}}},"1":{"name":"(anonymous_2)","decl":{"start":{"line":45,"column":32},"end":{"line":45,"column":37}},"loc":{"start":{"line":49,"column":4},"end":{"line":88,"column":1}}},"2":{"name":"(anonymous_3)","decl":{"start":{"line":97,"column":31},"end":{"line":97,"column":36}},"loc":{"start":{"line":101,"column":4},"end":{"line":116,"column":1}}},"3":{"name":"(anonymous_4)","decl":{"start":{"line":125,"column":31},"end":{"line":125,"column":36}},"loc":{"start":{"line":129,"column":4},"end":{"line":156,"column":1}}},"4":{"name":"(anonymous_5)","decl":{"start":{"line":165,"column":31},"end":{"line":165,"column":36}},"loc":{"start":{"line":169,"column":4},"end":{"line":183,"column":1}}},"5":{"name":"(anonymous_6)","decl":{"start":{"line":192,"column":38},"end":{"line":192,"column":43}},"loc":{"start":{"line":196,"column":4},"end":{"line":250,"column":1}}},"6":{"name":"(anonymous_7)","decl":{"start":{"line":259,"column":43},"end":{"line":259,"column":48}},"loc":{"start":{"line":263,"column":4},"end":{"line":279,"column":1}}},"7":{"name":"(anonymous_8)","decl":{"start":{"line":321,"column":41},"end":{"line":321,"column":46}},"loc":{"start":{"line":325,"column":4},"end":{"line":346,"column":1}}},"8":{"name":"(anonymous_9)","decl":{"start":{"line":355,"column":30},"end":{"line":355,"column":35}},"loc":{"start":{"line":359,"column":4},"end":{"line":410,"column":1}}},"9":{"name":"(anonymous_10)","decl":{"start":{"line":391,"column":6},"end":{"line":391,"column":7}},"loc":{"start":{"line":391,"column":28},"end":{"line":391,"column":52}}},"10":{"name":"(anonymous_11)","decl":{"start":{"line":419,"column":35},"end":{"line":419,"column":40}},"loc":{"start":{"line":423,"column":4},"end":{"line":439,"column":1}}},"11":{"name":"(anonymous_12)","decl":{"start":{"line":448,"column":35},"end":{"line":448,"column":40}},"loc":{"start":{"line":452,"column":4},"end":{"line":464,"column":1}}}},"branchMap":{"0":{"loc":{"start":{"line":52,"column":28},"end":{"line":52,"column":41}},"type":"default-arg","locations":[{"start":{"line":52,"column":36},"end":{"line":52,"column":41}}]},"1":{"loc":{"start":{"line":55,"column":22},"end":{"line":55,"column":47}},"type":"cond-expr","locations":[{"start":{"line":55,"column":41},"end":{"line":55,"column":43}},{"start":{"line":55,"column":46},"end":{"line":55,"column":47}}]},"2":{"loc":{"start":{"line":62,"column":14},"end":{"line":62,"column":75}},"type":"binary-expr","locations":[{"start":{"line":62,"column":14},"end":{"line":62,"column":20}},{"start":{"line":62,"column":24},"end":{"line":62,"column":75}}]},"3":{"loc":{"start":{"line":65,"column":16},"end":{"line":65,"column":63}},"type":"cond-expr","locations":[{"start":{"line":65,"column":25},"end":{"line":65,"column":58}},{"start":{"line":65,"column":61},"end":{"line":65,"column":63}}]},"4":{"loc":{"start":{"line":70,"column":4},"end":{"line":72,"column":5}},"type":"if","locations":[{"start":{"line":70,"column":4},"end":{"line":72,"column":5}}]},"5":{"loc":{"start":{"line":76,"column":4},"end":{"line":78,"column":5}},"type":"if","locations":[{"start":{"line":76,"column":4},"end":{"line":78,"column":5}}]},"6":{"loc":{"start":{"line":80,"column":4},"end":{"line":82,"column":5}},"type":"if","locations":[{"start":{"line":80,"column":4},"end":{"line":82,"column":5}}]},"7":{"loc":{"start":{"line":136,"column":4},"end":{"line":138,"column":5}},"type":"if","locations":[{"start":{"line":136,"column":4},"end":{"line":138,"column":5}}]},"8":{"loc":{"start":{"line":140,"column":4},"end":{"line":144,"column":5}},"type":"if","locations":[{"start":{"line":140,"column":4},"end":{"line":144,"column":5}}]},"9":{"loc":{"start":{"line":146,"column":30},"end":{"line":146,"column":70}},"type":"binary-expr","locations":[{"start":{"line":146,"column":30},"end":{"line":146,"column":43}},{"start":{"line":146,"column":47},"end":{"line":146,"column":70}}]},"10":{"loc":{"start":{"line":147,"column":28},"end":{"line":147,"column":64}},"type":"binary-expr","locations":[{"start":{"line":147,"column":28},"end":{"line":147,"column":39}},{"start":{"line":147,"column":43},"end":{"line":147,"column":64}}]},"11":{"loc":{"start":{"line":175,"column":4},"end":{"line":177,"column":5}},"type":"if","locations":[{"start":{"line":175,"column":4},"end":{"line":177,"column":5}}]},"12":{"loc":{"start":{"line":203,"column":4},"end":{"line":205,"column":5}},"type":"if","locations":[{"start":{"line":203,"column":4},"end":{"line":205,"column":5}}]},"13":{"loc":{"start":{"line":207,"column":4},"end":{"line":209,"column":5}},"type":"if","locations":[{"start":{"line":207,"column":4},"end":{"line":209,"column":5}}]},"14":{"loc":{"start":{"line":211,"column":32},"end":{"line":213,"column":6}},"type":"binary-expr","locations":[{"start":{"line":211,"column":32},"end":{"line":211,"column":43}},{"start":{"line":211,"column":47},"end":{"line":213,"column":6}}]},"15":{"loc":{"start":{"line":219,"column":20},"end":{"line":219,"column":53}},"type":"binary-expr","locations":[{"start":{"line":219,"column":20},"end":{"line":219,"column":32}},{"start":{"line":219,"column":36},"end":{"line":219,"column":53}}]},"16":{"loc":{"start":{"line":229,"column":12},"end":{"line":229,"column":22}},"type":"binary-expr","locations":[{"start":{"line":229,"column":12},"end":{"line":229,"column":16}},{"start":{"line":229,"column":20},"end":{"line":229,"column":22}}]},"17":{"loc":{"start":{"line":268,"column":4},"end":{"line":270,"column":5}},"type":"if","locations":[{"start":{"line":268,"column":4},"end":{"line":270,"column":5}}]},"18":{"loc":{"start":{"line":330,"column":4},"end":{"line":332,"column":5}},"type":"if","locations":[{"start":{"line":330,"column":4},"end":{"line":332,"column":5}}]},"19":{"loc":{"start":{"line":336,"column":4},"end":{"line":338,"column":5}},"type":"if","locations":[{"start":{"line":336,"column":4},"end":{"line":338,"column":5}}]},"20":{"loc":{"start":{"line":367,"column":4},"end":{"line":369,"column":5}},"type":"if","locations":[{"start":{"line":367,"column":4},"end":{"line":369,"column":5}}]},"21":{"loc":{"start":{"line":371,"column":4},"end":{"line":373,"column":5}},"type":"if","locations":[{"start":{"line":371,"column":4},"end":{"line":373,"column":5}}]},"22":{"loc":{"start":{"line":371,"column":8},"end":{"line":371,"column":29}},"type":"binary-expr","locations":[{"start":{"line":371,"column":8},"end":{"line":371,"column":15}},{"start":{"line":371,"column":19},"end":{"line":371,"column":29}}]},"23":{"loc":{"start":{"line":375,"column":4},"end":{"line":377,"column":5}},"type":"if","locations":[{"start":{"line":375,"column":4},"end":{"line":377,"column":5}}]},"24":{"loc":{"start":{"line":379,"column":4},"end":{"line":381,"column":5}},"type":"if","locations":[{"start":{"line":379,"column":4},"end":{"line":381,"column":5}}]},"25":{"loc":{"start":{"line":379,"column":8},"end":{"line":379,"column":58}},"type":"binary-expr","locations":[{"start":{"line":379,"column":8},"end":{"line":379,"column":31}},{"start":{"line":379,"column":35},"end":{"line":379,"column":58}}]},"26":{"loc":{"start":{"line":384,"column":4},"end":{"line":388,"column":5}},"type":"if","locations":[{"start":{"line":384,"column":4},"end":{"line":388,"column":5}}]},"27":{"loc":{"start":{"line":384,"column":8},"end":{"line":384,"column":60}},"type":"binary-expr","locations":[{"start":{"line":384,"column":8},"end":{"line":384,"column":29}},{"start":{"line":384,"column":33},"end":{"line":384,"column":60}}]},"28":{"loc":{"start":{"line":394,"column":4},"end":{"line":398,"column":5}},"type":"if","locations":[{"start":{"line":394,"column":4},"end":{"line":398,"column":5}}]},"29":{"loc":{"start":{"line":400,"column":4},"end":{"line":404,"column":5}},"type":"if","locations":[{"start":{"line":400,"column":4},"end":{"line":404,"column":5}},{"start":{"line":402,"column":11},"end":{"line":404,"column":5}}]},"30":{"loc":{"start":{"line":427,"column":4},"end":{"line":429,"column":5}},"type":"if","locations":[{"start":{"line":427,"column":4},"end":{"line":429,"column":5}}]}},"s":{"0":6,"1":6,"2":6,"3":6,"4":6,"5":6,"6":1,"7":1,"8":1,"9":0,"10":6,"11":6,"12":1,"13":1,"14":1,"15":1,"16":1,"17":1,"18":1,"19":1,"20":0,"21":1,"22":1,"23":1,"24":1,"25":1,"26":1,"27":0,"28":6,"29":6,"30":1,"31":1,"32":1,"33":1,"34":1,"35":0,"36":6,"37":6,"38":1,"39":1,"40":1,"41":1,"42":1,"43":0,"44":1,"45":0,"46":1,"47":1,"48":1,"49":1,"50":1,"51":0,"52":6,"53":6,"54":1,"55":1,"56":1,"57":1,"58":0,"59":1,"60":0,"61":6,"62":6,"63":2,"64":2,"65":2,"66":2,"67":2,"68":2,"69":0,"70":2,"71":0,"72":2,"73":2,"74":2,"75":2,"76":2,"77":2,"78":2,"79":0,"80":6,"81":6,"82":1,"83":1,"84":1,"85":1,"86":0,"87":1,"88":1,"89":1,"90":0,"91":6,"92":6,"93":0,"94":0,"95":0,"96":0,"97":0,"98":0,"99":0,"100":0,"101":0,"102":0,"103":0,"104":0,"105":6,"106":6,"107":1,"108":1,"109":1,"110":1,"111":1,"112":1,"113":1,"114":0,"115":1,"116":0,"117":1,"118":0,"119":1,"120":0,"121":1,"122":1,"123":0,"124":1,"125":0,"126":1,"127":0,"128":1,"129":1,"130":0,"131":1,"132":0,"133":6,"134":6,"135":1,"136":1,"137":1,"138":0,"139":1,"140":1,"141":0,"142":6,"143":6,"144":1,"145":1,"146":1,"147":1,"148":0,"149":6},"f":{"0":1,"1":1,"2":1,"3":1,"4":1,"5":2,"6":1,"7":0,"8":1,"9":0,"10":1,"11":1},"b":{"0":[1],"1":[0,1],"2":[1,0],"3":[0,1],"4":[0],"5":[1],"6":[1],"7":[0],"8":[0],"9":[1,0],"10":[1,1],"11":[0],"12":[0],"13":[0],"14":[2,2],"15":[2,0],"16":[2,2],"17":[0],"18":[0],"19":[0],"20":[0],"21":[0],"22":[1,1],"23":[0],"24":[0],"25":[1,1],"26":[0],"27":[1,1],"28":[0],"29":[1,0],"30":[0]}}
,"E:\\document_management_system\\src\\middleware\\auth.ts": {"path":"E:\\document_management_system\\src\\middleware\\auth.ts","statementMap":{"0":{"start":{"line":2,"column":0},"end":{"line":2,"column":47}},"1":{"start":{"line":17,"column":13},"end":{"line":37,"column":1}},"2":{"start":{"line":22,"column":21},"end":{"line":22,"column":46}},"3":{"start":{"line":23,"column":2},"end":{"line":25,"column":3}},"4":{"start":{"line":24,"column":4},"end":{"line":24,"column":51}},"5":{"start":{"line":26,"column":16},"end":{"line":26,"column":41}},"6":{"start":{"line":27,"column":2},"end":{"line":36,"column":3}},"7":{"start":{"line":28,"column":34},"end":{"line":30,"column":null}},"8":{"start":{"line":32,"column":4},"end":{"line":32,"column":36}},"9":{"start":{"line":33,"column":4},"end":{"line":33,"column":11}},"10":{"start":{"line":35,"column":4},"end":{"line":35,"column":16}},"11":{"start":{"line":39,"column":0},"end":{"line":39,"column":20}}},"fnMap":{"0":{"name":"(anonymous_1)","decl":{"start":{"line":17,"column":13},"end":{"line":17,"column":18}},"loc":{"start":{"line":21,"column":19},"end":{"line":37,"column":1}}}},"branchMap":{"0":{"loc":{"start":{"line":23,"column":2},"end":{"line":25,"column":3}},"type":"if","locations":[{"start":{"line":23,"column":2},"end":{"line":25,"column":3}}]},"1":{"loc":{"start":{"line":23,"column":6},"end":{"line":23,"column":53}},"type":"binary-expr","locations":[{"start":{"line":23,"column":6},"end":{"line":23,"column":17}},{"start":{"line":23,"column":21},"end":{"line":23,"column":53}}]}},"s":{"0":6,"1":6,"2":36,"3":36,"4":0,"5":36,"6":36,"7":36,"8":36,"9":36,"10":0,"11":6},"f":{"0":36},"b":{"0":[0],"1":[36,36]}}
,"E:\\document_management_system\\src\\middleware\\error_handler.ts": {"path":"E:\\document_management_system\\src\\middleware\\error_handler.ts","statementMap":{"0":{"start":{"line":11,"column":4},"end":{"line":11,"column":50}},"1":{"start":{"line":12,"column":4},"end":{"line":12,"column":36}},"2":{"start":{"line":4,"column":0},"end":{"line":4,"column":13}},"3":{"start":{"line":18,"column":4},"end":{"line":18,"column":67}},"4":{"start":{"line":19,"column":4},"end":{"line":19,"column":34}},"5":{"start":{"line":16,"column":0},"end":{"line":16,"column":13}},"6":{"start":{"line":25,"column":4},"end":{"line":25,"column":34}},"7":{"start":{"line":26,"column":4},"end":{"line":26,"column":34}},"8":{"start":{"line":23,"column":0},"end":{"line":23,"column":13}},"9":{"start":{"line":38,"column":4},"end":{"line":38,"column":32}},"10":{"start":{"line":39,"column":4},"end":{"line":39,"column":31}},"11":{"start":{"line":33,"column":0},"end":{"line":33,"column":13}},"12":{"start":{"line":51,"column":4},"end":{"line":51,"column":48}},"13":{"start":{"line":52,"column":4},"end":{"line":52,"column":39}},"14":{"start":{"line":46,"column":0},"end":{"line":46,"column":13}},"15":{"start":{"line":66,"column":4},"end":{"line":66,"column":55}},"16":{"start":{"line":67,"column":4},"end":{"line":67,"column":41}},"17":{"start":{"line":59,"column":0},"end":{"line":59,"column":13}},"18":{"start":{"line":79,"column":4},"end":{"line":79,"column":76}},"19":{"start":{"line":80,"column":4},"end":{"line":80,"column":42}},"20":{"start":{"line":74,"column":0},"end":{"line":74,"column":13}},"21":{"start":{"line":94,"column":4},"end":{"line":94,"column":37}},"22":{"start":{"line":95,"column":4},"end":{"line":95,"column":36}},"23":{"start":{"line":87,"column":0},"end":{"line":87,"column":13}},"24":{"start":{"line":109,"column":4},"end":{"line":109,"column":67}},"25":{"start":{"line":110,"column":4},"end":{"line":110,"column":36}},"26":{"start":{"line":102,"column":0},"end":{"line":102,"column":13}},"27":{"start":{"line":124,"column":4},"end":{"line":124,"column":54}},"28":{"start":{"line":125,"column":4},"end":{"line":125,"column":34}},"29":{"start":{"line":117,"column":0},"end":{"line":117,"column":13}},"30":{"start":{"line":139,"column":4},"end":{"line":139,"column":57}},"31":{"start":{"line":140,"column":4},"end":{"line":140,"column":36}},"32":{"start":{"line":132,"column":0},"end":{"line":132,"column":13}},"33":{"start":{"line":155,"column":20},"end":{"line":157,"column":35}},"34":{"start":{"line":159,"column":4},"end":{"line":159,"column":19}},"35":{"start":{"line":160,"column":4},"end":{"line":160,"column":32}},"36":{"start":{"line":147,"column":0},"end":{"line":147,"column":13}}},"fnMap":{"0":{"name":"(anonymous_0)","decl":{"start":{"line":10,"column":2},"end":{"line":10,"column":14}},"loc":{"start":{"line":10,"column":27},"end":{"line":13,"column":3}}},"1":{"name":"(anonymous_1)","decl":{"start":{"line":17,"column":2},"end":{"line":17,"column":null}},"loc":{"start":{"line":17,"column":2},"end":{"line":20,"column":3}}},"2":{"name":"(anonymous_2)","decl":{"start":{"line":24,"column":2},"end":{"line":24,"column":null}},"loc":{"start":{"line":24,"column":2},"end":{"line":27,"column":3}}},"3":{"name":"(anonymous_3)","decl":{"start":{"line":37,"column":2},"end":{"line":37,"column":null}},"loc":{"start":{"line":37,"column":2},"end":{"line":40,"column":3}}},"4":{"name":"(anonymous_4)","decl":{"start":{"line":50,"column":2},"end":{"line":50,"column":null}},"loc":{"start":{"line":50,"column":2},"end":{"line":53,"column":3}}},"5":{"name":"(anonymous_5)","decl":{"start":{"line":65,"column":2},"end":{"line":65,"column":14}},"loc":{"start":{"line":65,"column":27},"end":{"line":68,"column":3}}},"6":{"name":"(anonymous_6)","decl":{"start":{"line":78,"column":2},"end":{"line":78,"column":14}},"loc":{"start":{"line":78,"column":34},"end":{"line":81,"column":3}}},"7":{"name":"(anonymous_7)","decl":{"start":{"line":93,"column":2},"end":{"line":93,"column":14}},"loc":{"start":{"line":93,"column":27},"end":{"line":96,"column":3}}},"8":{"name":"(anonymous_8)","decl":{"start":{"line":108,"column":2},"end":{"line":108,"column":14}},"loc":{"start":{"line":108,"column":27},"end":{"line":111,"column":3}}},"9":{"name":"(anonymous_9)","decl":{"start":{"line":123,"column":2},"end":{"line":123,"column":14}},"loc":{"start":{"line":123,"column":27},"end":{"line":126,"column":3}}},"10":{"name":"(anonymous_10)","decl":{"start":{"line":138,"column":2},"end":{"line":138,"column":14}},"loc":{"start":{"line":138,"column":27},"end":{"line":141,"column":3}}},"11":{"name":"(anonymous_11)","decl":{"start":{"line":154,"column":2},"end":{"line":154,"column":14}},"loc":{"start":{"line":154,"column":64},"end":{"line":161,"column":3}}}},"branchMap":{"0":{"loc":{"start":{"line":155,"column":20},"end":{"line":157,"column":35}},"type":"cond-expr","locations":[{"start":{"line":156,"column":8},"end":{"line":156,"column":67}},{"start":{"line":157,"column":8},"end":{"line":157,"column":35}}]}},"s":{"0":2,"1":2,"2":6,"3":1,"4":1,"5":6,"6":0,"7":0,"8":6,"9":1,"10":1,"11":6,"12":2,"13":2,"14":6,"15":1,"16":1,"17":6,"18":2,"19":2,"20":6,"21":0,"22":0,"23":6,"24":0,"25":0,"26":6,"27":0,"28":0,"29":6,"30":0,"31":0,"32":6,"33":1,"34":1,"35":1,"36":6},"f":{"0":2,"1":1,"2":0,"3":1,"4":2,"5":1,"6":2,"7":0,"8":0,"9":0,"10":0,"11":1},"b":{"0":[0,1]}}
,"E:\\document_management_system\\src\\middleware\\global_error_handler.ts": {"path":"E:\\document_management_system\\src\\middleware\\global_error_handler.ts","statementMap":{"0":{"start":{"line":2,"column":0},"end":{"line":2,"column":null}},"1":{"start":{"line":30,"column":27},"end":{"line":86,"column":1}},"2":{"start":{"line":36,"column":2},"end":{"line":38,"column":3}},"3":{"start":{"line":37,"column":4},"end":{"line":37,"column":49}},"4":{"start":{"line":40,"column":2},"end":{"line":42,"column":3}},"5":{"start":{"line":41,"column":4},"end":{"line":41,"column":49}},"6":{"start":{"line":44,"column":2},"end":{"line":46,"column":3}},"7":{"start":{"line":45,"column":4},"end":{"line":45,"column":49}},"8":{"start":{"line":48,"column":2},"end":{"line":50,"column":3}},"9":{"start":{"line":49,"column":4},"end":{"line":49,"column":49}},"10":{"start":{"line":52,"column":2},"end":{"line":54,"column":3}},"11":{"start":{"line":53,"column":4},"end":{"line":53,"column":49}},"12":{"start":{"line":56,"column":2},"end":{"line":58,"column":3}},"13":{"start":{"line":57,"column":4},"end":{"line":57,"column":57}},"14":{"start":{"line":60,"column":2},"end":{"line":62,"column":3}},"15":{"start":{"line":61,"column":4},"end":{"line":61,"column":53}},"16":{"start":{"line":64,"column":2},"end":{"line":66,"column":3}},"17":{"start":{"line":65,"column":4},"end":{"line":65,"column":49}},"18":{"start":{"line":68,"column":2},"end":{"line":70,"column":3}},"19":{"start":{"line":69,"column":4},"end":{"line":69,"column":49}},"20":{"start":{"line":72,"column":2},"end":{"line":74,"column":3}},"21":{"start":{"line":73,"column":4},"end":{"line":73,"column":49}},"22":{"start":{"line":76,"column":2},"end":{"line":78,"column":3}},"23":{"start":{"line":77,"column":4},"end":{"line":77,"column":49}},"24":{"start":{"line":79,"column":2},"end":{"line":81,"column":3}},"25":{"start":{"line":80,"column":4},"end":{"line":80,"column":21}},"26":{"start":{"line":82,"column":2},"end":{"line":82,"column":27}},"27":{"start":{"line":85,"column":2},"end":{"line":85,"column":47}},"28":{"start":{"line":88,"column":0},"end":{"line":88,"column":34}}},"fnMap":{"0":{"name":"(anonymous_0)","decl":{"start":{"line":30,"column":27},"end":{"line":30,"column":null}},"loc":{"start":{"line":35,"column":10},"end":{"line":86,"column":1}}}},"branchMap":{"0":{"loc":{"start":{"line":36,"column":2},"end":{"line":38,"column":3}},"type":"if","locations":[{"start":{"line":36,"column":2},"end":{"line":38,"column":3}}]},"1":{"loc":{"start":{"line":40,"column":2},"end":{"line":42,"column":3}},"type":"if","locations":[{"start":{"line":40,"column":2},"end":{"line":42,"column":3}}]},"2":{"loc":{"start":{"line":44,"column":2},"end":{"line":46,"column":3}},"type":"if","locations":[{"start":{"line":44,"column":2},"end":{"line":46,"column":3}}]},"3":{"loc":{"start":{"line":48,"column":2},"end":{"line":50,"column":3}},"type":"if","locations":[{"start":{"line":48,"column":2},"end":{"line":50,"column":3}}]},"4":{"loc":{"start":{"line":52,"column":2},"end":{"line":54,"column":3}},"type":"if","locations":[{"start":{"line":52,"column":2},"end":{"line":54,"column":3}}]},"5":{"loc":{"start":{"line":56,"column":2},"end":{"line":58,"column":3}},"type":"if","locations":[{"start":{"line":56,"column":2},"end":{"line":58,"column":3}}]},"6":{"loc":{"start":{"line":60,"column":2},"end":{"line":62,"column":3}},"type":"if","locations":[{"start":{"line":60,"column":2},"end":{"line":62,"column":3}}]},"7":{"loc":{"start":{"line":64,"column":2},"end":{"line":66,"column":3}},"type":"if","locations":[{"start":{"line":64,"column":2},"end":{"line":66,"column":3}}]},"8":{"loc":{"start":{"line":68,"column":2},"end":{"line":70,"column":3}},"type":"if","locations":[{"start":{"line":68,"column":2},"end":{"line":70,"column":3}}]},"9":{"loc":{"start":{"line":72,"column":2},"end":{"line":74,"column":3}},"type":"if","locations":[{"start":{"line":72,"column":2},"end":{"line":74,"column":3}}]},"10":{"loc":{"start":{"line":76,"column":2},"end":{"line":78,"column":3}},"type":"if","locations":[{"start":{"line":76,"column":2},"end":{"line":78,"column":3}}]},"11":{"loc":{"start":{"line":79,"column":2},"end":{"line":81,"column":3}},"type":"if","locations":[{"start":{"line":79,"column":2},"end":{"line":81,"column":3}}]}},"s":{"0":6,"1":6,"2":5,"3":1,"4":5,"5":1,"6":5,"7":0,"8":5,"9":1,"10":5,"11":1,"12":4,"13":0,"14":4,"15":0,"16":4,"17":1,"18":4,"19":0,"20":4,"21":0,"22":4,"23":0,"24":4,"25":4,"26":0,"27":0,"28":6},"f":{"0":5},"b":{"0":[1],"1":[1],"2":[0],"3":[1],"4":[1],"5":[0],"6":[0],"7":[1],"8":[0],"9":[0],"10":[0],"11":[4]}}
,"E:\\document_management_system\\src\\middleware\\upload.ts": {"path":"E:\\document_management_system\\src\\middleware\\upload.ts","statementMap":{"0":{"start":{"line":1,"column":0},"end":{"line":1,"column":28}},"1":{"start":{"line":2,"column":0},"end":{"line":2,"column":24}},"2":{"start":{"line":29,"column":16},"end":{"line":36,"column":2}},"3":{"start":{"line":31,"column":4},"end":{"line":31,"column":25}},"4":{"start":{"line":34,"column":4},"end":{"line":34,"column":59}},"5":{"start":{"line":38,"column":15},"end":{"line":38,"column":34}},"6":{"start":{"line":40,"column":0},"end":{"line":40,"column":22}}},"fnMap":{"0":{"name":"(anonymous_1)","decl":{"start":{"line":30,"column":15},"end":{"line":30,"column":16}},"loc":{"start":{"line":30,"column":33},"end":{"line":32,"column":3}}},"1":{"name":"(anonymous_2)","decl":{"start":{"line":33,"column":12},"end":{"line":33,"column":13}},"loc":{"start":{"line":33,"column":30},"end":{"line":35,"column":3}}}},"branchMap":{},"s":{"0":0,"1":0,"2":0,"3":0,"4":0,"5":0,"6":0},"f":{"0":0,"1":0},"b":{}}
,"E:\\document_management_system\\src\\middleware\\validate_user_signup.ts": {"path":"E:\\document_management_system\\src\\middleware\\validate_user_signup.ts","statementMap":{"0":{"start":{"line":3,"column":0},"end":{"line":3,"column":43}},"1":{"start":{"line":4,"column":0},"end":{"line":4,"column":57}},"2":{"start":{"line":6,"column":34},"end":{"line":35,"column":1}},"3":{"start":{"line":11,"column":15},"end":{"line":11,"column":30}},"4":{"start":{"line":13,"column":66},"end":{"line":13,"column":74}},"5":{"start":{"line":15,"column":2},"end":{"line":15,"column":70}},"6":{"start":{"line":15,"column":20},"end":{"line":15,"column":70}},"7":{"start":{"line":16,"column":2},"end":{"line":16,"column":68}},"8":{"start":{"line":16,"column":19},"end":{"line":16,"column":68}},"9":{"start":{"line":17,"column":2},"end":{"line":17,"column":66}},"10":{"start":{"line":17,"column":18},"end":{"line":17,"column":66}},"11":{"start":{"line":18,"column":2},"end":{"line":18,"column":58}},"12":{"start":{"line":18,"column":14},"end":{"line":18,"column":58}},"13":{"start":{"line":19,"column":2},"end":{"line":19,"column":64}},"14":{"start":{"line":19,"column":17},"end":{"line":19,"column":64}},"15":{"start":{"line":21,"column":2},"end":{"line":26,"column":3}},"16":{"start":{"line":22,"column":4},"end":{"line":24,"column":7}},"17":{"start":{"line":25,"column":4},"end":{"line":25,"column":44}},"18":{"start":{"line":28,"column":2},"end":{"line":32,"column":3}},"19":{"start":{"line":29,"column":4},"end":{"line":31,"column":7}},"20":{"start":{"line":34,"column":2},"end":{"line":34,"column":9}},"21":{"start":{"line":6,"column":13},"end":{"line":6,"column":34}}},"fnMap":{"0":{"name":"(anonymous_0)","decl":{"start":{"line":6,"column":34},"end":{"line":6,"column":39}},"loc":{"start":{"line":10,"column":4},"end":{"line":35,"column":1}}}},"branchMap":{"0":{"loc":{"start":{"line":15,"column":2},"end":{"line":15,"column":70}},"type":"if","locations":[{"start":{"line":15,"column":2},"end":{"line":15,"column":70}}]},"1":{"loc":{"start":{"line":16,"column":2},"end":{"line":16,"column":68}},"type":"if","locations":[{"start":{"line":16,"column":2},"end":{"line":16,"column":68}}]},"2":{"loc":{"start":{"line":17,"column":2},"end":{"line":17,"column":66}},"type":"if","locations":[{"start":{"line":17,"column":2},"end":{"line":17,"column":66}}]},"3":{"loc":{"start":{"line":18,"column":2},"end":{"line":18,"column":58}},"type":"if","locations":[{"start":{"line":18,"column":2},"end":{"line":18,"column":58}}]},"4":{"loc":{"start":{"line":19,"column":2},"end":{"line":19,"column":64}},"type":"if","locations":[{"start":{"line":19,"column":2},"end":{"line":19,"column":64}}]},"5":{"loc":{"start":{"line":21,"column":2},"end":{"line":26,"column":3}},"type":"if","locations":[{"start":{"line":21,"column":2},"end":{"line":26,"column":3}}]},"6":{"loc":{"start":{"line":28,"column":2},"end":{"line":32,"column":3}},"type":"if","locations":[{"start":{"line":28,"column":2},"end":{"line":32,"column":3}}]}},"s":{"0":6,"1":6,"2":6,"3":0,"4":0,"5":0,"6":0,"7":0,"8":0,"9":0,"10":0,"11":0,"12":0,"13":0,"14":0,"15":0,"16":0,"17":0,"18":0,"19":0,"20":0,"21":6},"f":{"0":0},"b":{"0":[0],"1":[0],"2":[0],"3":[0],"4":[0],"5":[0],"6":[0]}}
,"E:\\document_management_system\\src\\models\\document.ts": {"path":"E:\\document_management_system\\src\\models\\document.ts","statementMap":{"0":{"start":{"line":1,"column":0},"end":{"line":1,"column":32}},"1":{"start":{"line":129,"column":23},"end":{"line":211,"column":2}},"2":{"start":{"line":219,"column":0},"end":{"line":223,"column":2}},"3":{"start":{"line":220,"column":2},"end":{"line":220,"column":30}},"4":{"start":{"line":221,"column":2},"end":{"line":221,"column":30}},"5":{"start":{"line":222,"column":2},"end":{"line":222,"column":21}},"6":{"start":{"line":231,"column":0},"end":{"line":236,"column":2}},"7":{"start":{"line":234,"column":2},"end":{"line":234,"column":31}},"8":{"start":{"line":235,"column":2},"end":{"line":235,"column":21}},"9":{"start":{"line":242,"column":22},"end":{"line":244,"column":null}},"10":{"start":{"line":247,"column":0},"end":{"line":247,"column":29}}},"fnMap":{"0":{"name":"(anonymous_1)","decl":{"start":{"line":219,"column":44},"end":{"line":219,"column":49}},"loc":{"start":{"line":219,"column":75},"end":{"line":223,"column":1}}},"1":{"name":"(anonymous_2)","decl":{"start":{"line":231,"column":41},"end":{"line":231,"column":46}},"loc":{"start":{"line":232,"column":38},"end":{"line":236,"column":1}}}},"branchMap":{},"s":{"0":7,"1":7,"2":7,"3":1,"4":1,"5":1,"6":7,"7":1,"8":1,"9":7,"10":7},"f":{"0":1,"1":1},"b":{}}
,"E:\\document_management_system\\src\\models\\favorite.ts": {"path":"E:\\document_management_system\\src\\models\\favorite.ts","statementMap":{"0":{"start":{"line":1,"column":0},"end":{"line":1,"column":32}},"1":{"start":{"line":7,"column":23},"end":{"line":33,"column":2}},"2":{"start":{"line":39,"column":17},"end":{"line":39,"column":59}},"3":{"start":{"line":41,"column":0},"end":{"line":41,"column":24}}},"fnMap":{},"branchMap":{},"s":{"0":6,"1":6,"2":6,"3":6},"f":{},"b":{}}
,"E:\\document_management_system\\src\\models\\user.ts": {"path":"E:\\document_management_system\\src\\models\\user.ts","statementMap":{"0":{"start":{"line":1,"column":0},"end":{"line":1,"column":57}},"1":{"start":{"line":2,"column":0},"end":{"line":2,"column":72}},"2":{"start":{"line":3,"column":0},"end":{"line":3,"column":null}},"3":{"start":{"line":67,"column":16},"end":{"line":67,"column":54}},"4":{"start":{"line":68,"column":19},"end":{"line":68,"column":58}},"5":{"start":{"line":69,"column":4},"end":{"line":69,"column":36}},"6":{"start":{"line":69,"column":29},"end":{"line":69,"column":36}},"7":{"start":{"line":70,"column":4},"end":{"line":70,"column":26}},"8":{"start":{"line":74,"column":16},"end":{"line":74,"column":60}},"9":{"start":{"line":75,"column":19},"end":{"line":75,"column":63}},"10":{"start":{"line":76,"column":4},"end":{"line":76,"column":36}},"11":{"start":{"line":76,"column":29},"end":{"line":76,"column":36}},"12":{"start":{"line":77,"column":4},"end":{"line":77,"column":26}},"13":{"start":{"line":90,"column":17},"end":{"line":90,"column":46}},"14":{"start":{"line":91,"column":4},"end":{"line":91,"column":50}},"15":{"start":{"line":91,"column":15},"end":{"line":91,"column":50}},"16":{"start":{"line":92,"column":4},"end":{"line":94,"column":5}},"17":{"start":{"line":93,"column":6},"end":{"line":93,"column":39}},"18":{"start":{"line":95,"column":4},"end":{"line":95,"column":16}},"19":{"start":{"line":105,"column":16},"end":{"line":105,"column":37}},"20":{"start":{"line":106,"column":19},"end":{"line":106,"column":53}},"21":{"start":{"line":107,"column":4},"end":{"line":107,"column":58}},"22":{"start":{"line":107,"column":33},"end":{"line":107,"column":58}},"23":{"start":{"line":108,"column":4},"end":{"line":108,"column":23}},"24":{"start":{"line":119,"column":68},"end":{"line":119,"column":76}},"25":{"start":{"line":120,"column":16},"end":{"line":122,"column":48}},"26":{"start":{"line":123,"column":28},"end":{"line":123,"column":50}},"27":{"start":{"line":124,"column":19},"end":{"line":130,"column":6}},"28":{"start":{"line":131,"column":4},"end":{"line":131,"column":68}},"29":{"start":{"line":131,"column":33},"end":{"line":131,"column":68}},"30":{"start":{"line":132,"column":4},"end":{"line":132,"column":26}},"31":{"start":{"line":143,"column":16},"end":{"line":143,"column":52}},"32":{"start":{"line":144,"column":19},"end":{"line":144,"column":58}},"33":{"start":{"line":145,"column":4},"end":{"line":145,"column":66}},"34":{"start":{"line":145,"column":31},"end":{"line":145,"column":66}},"35":{"start":{"line":146,"column":4},"end":{"line":146,"column":16}},"36":{"start":{"line":58,"column":0},"end":{"line":58,"column":13}}},"fnMap":{"0":{"name":"(anonymous_0)","decl":{"start":{"line":66,"column":2},"end":{"line":66,"column":7}},"loc":{"start":{"line":66,"column":33},"end":{"line":71,"column":3}}},"1":{"name":"(anonymous_1)","decl":{"start":{"line":73,"column":2},"end":{"line":73,"column":7}},"loc":{"start":{"line":73,"column":43},"end":{"line":78,"column":3}}},"2":{"name":"(anonymous_2)","decl":{"start":{"line":89,"column":2},"end":{"line":89,"column":7}},"loc":{"start":{"line":89,"column":56},"end":{"line":96,"column":3}}},"3":{"name":"(anonymous_3)","decl":{"start":{"line":104,"column":2},"end":{"line":104,"column":7}},"loc":{"start":{"line":104,"column":13},"end":{"line":109,"column":3}}},"4":{"name":"(anonymous_4)","decl":{"start":{"line":118,"column":2},"end":{"line":118,"column":7}},"loc":{"start":{"line":118,"column":33},"end":{"line":133,"column":3}}},"5":{"name":"(anonymous_5)","decl":{"start":{"line":142,"column":2},"end":{"line":142,"column":7}},"loc":{"start":{"line":142,"column":28},"end":{"line":147,"column":3}}}},"branchMap":{"0":{"loc":{"start":{"line":69,"column":4},"end":{"line":69,"column":36}},"type":"if","locations":[{"start":{"line":69,"column":4},"end":{"line":69,"column":36}}]},"1":{"loc":{"start":{"line":76,"column":4},"end":{"line":76,"column":36}},"type":"if","locations":[{"start":{"line":76,"column":4},"end":{"line":76,"column":36}}]},"2":{"loc":{"start":{"line":91,"column":4},"end":{"line":91,"column":50}},"type":"if","locations":[{"start":{"line":91,"column":4},"end":{"line":91,"column":50}}]},"3":{"loc":{"start":{"line":92,"column":4},"end":{"line":94,"column":5}},"type":"if","locations":[{"start":{"line":92,"column":4},"end":{"line":94,"column":5}}]},"4":{"loc":{"start":{"line":107,"column":4},"end":{"line":107,"column":58}},"type":"if","locations":[{"start":{"line":107,"column":4},"end":{"line":107,"column":58}}]},"5":{"loc":{"start":{"line":131,"column":4},"end":{"line":131,"column":68}},"type":"if","locations":[{"start":{"line":131,"column":4},"end":{"line":131,"column":68}}]},"6":{"loc":{"start":{"line":145,"column":4},"end":{"line":145,"column":66}},"type":"if","locations":[{"start":{"line":145,"column":4},"end":{"line":145,"column":66}}]}},"s":{"0":6,"1":6,"2":6,"3":11,"4":11,"5":11,"6":2,"7":9,"8":0,"9":0,"10":0,"11":0,"12":0,"13":4,"14":4,"15":0,"16":4,"17":2,"18":2,"19":3,"20":3,"21":3,"22":1,"23":2,"24":14,"25":14,"26":14,"27":14,"28":13,"29":0,"30":13,"31":3,"32":3,"33":3,"34":1,"35":2,"36":6},"f":{"0":11,"1":0,"2":4,"3":3,"4":14,"5":3},"b":{"0":[2],"1":[0],"2":[0],"3":[2],"4":[1],"5":[0],"6":[1]}}
[...]
umn":37}},"24":{"start":{"line":183,"column":0},"end":{"line":185,"column":2}},"25":{"start":{"line":184,"column":2},"end":{"line":184,"column":40}},"26":{"start":{"line":187,"column":18},"end":{"line":189,"column":null}},"27":{"start":{"line":192,"column":0},"end":{"line":192,"column":25}}},"fnMap":{"0":{"name":"(anonymous_1)","decl":{"start":{"line":109,"column":41},"end":{"line":109,"column":46}},"loc":{"start":{"line":109,"column":75},"end":{"line":113,"column":1}}},"1":{"name":"(anonymous_2)","decl":{"start":{"line":121,"column":38},"end":{"line":121,"column":43}},"loc":{"start":{"line":122,"column":37},"end":{"line":127,"column":1}}},"2":{"name":"(anonymous_3)","decl":{"start":{"line":135,"column":42},"end":{"line":135,"column":47}},"loc":{"start":{"line":135,"column":75},"end":{"line":138,"column":1}}},"3":{"name":"(anonymous_4)","decl":{"start":{"line":146,"column":42},"end":{"line":146,"column":47}},"loc":{"start":{"line":146,"column":75},"end":{"line":149,"column":1}}},"4":{"name":"(anonymous_5)","decl":{"start":{"line":157,"column":47},"end":{"line":157,"column":57}},"loc":{"start":{"line":157,"column":70},"end":{"line":165,"column":1}}},"5":{"name":"(anonymous_6)","decl":{"start":{"line":159,"column":4},"end":{"line":159,"column":5}},"loc":{"start":{"line":159,"column":26},"end":{"line":159,"column":50}}},"6":{"name":"(anonymous_7)","decl":{"start":{"line":173,"column":39},"end":{"line":173,"column":44}},"loc":{"start":{"line":173,"column":69},"end":{"line":175,"column":1}}},"7":{"name":"(anonymous_8)","decl":{"start":{"line":183,"column":42},"end":{"line":183,"column":47}},"loc":{"start":{"line":183,"column":75},"end":{"line":185,"column":1}}}},"branchMap":{"0":{"loc":{"start":{"line":161,"column":2},"end":{"line":163,"column":3}},"type":"if","locations":[{"start":{"line":161,"column":2},"end":{"line":163,"column":3}}]},"1":{"loc":{"start":{"line":164,"column":9},"end":{"line":164,"column":50}},"type":"cond-expr","locations":[{"start":{"line":164,"column":22},"end":{"line":164,"column":43}},{"start":{"line":164,"column":46},"end":{"line":164,"column":50}}]}},"s":{"0":7,"1":7,"2":7,"3":2,"4":2,"5":2,"6":7,"7":3,"8":3,"9":3,"10":7,"11":3,"12":3,"13":7,"14":2,"15":2,"16":7,"17":5,"18":5,"19":5,"20":2,"21":3,"22":7,"23":0,"24":7,"25":0,"26":7,"27":7},"f":{"0":2,"1":3,"2":3,"3":2,"4":5,"5":5,"6":0,"7":0},"b":{"0":[2],"1":[2,1]}}
,"E:\\document_management_system\\src\\routes\\document_routes.ts": {"path":"E:\\document_management_system\\src\\routes\\document_routes.ts","statementMap":{"0":{"start":{"line":1,"column":0},"end":{"line":1,"column":33}},"1":{"start":{"line":2,"column":0},"end":{"line":2,"column":null}},"2":{"start":{"line":15,"column":0},"end":{"line":15,"column":38}},"3":{"start":{"line":18,"column":15},"end":{"line":18,"column":23}},"4":{"start":{"line":20,"column":0},"end":{"line":20,"column":17}},"5":{"start":{"line":29,"column":0},"end":{"line":29,"column":39}},"6":{"start":{"line":31,"column":0},"end":{"line":31,"column":39}},"7":{"start":{"line":34,"column":0},"end":{"line":34,"column":47}},"8":{"start":{"line":37,"column":0},"end":{"line":37,"column":50}},"9":{"start":{"line":40,"column":0},"end":{"line":40,"column":54}},"10":{"start":{"line":43,"column":0},"end":{"line":43,"column":64}},"11":{"start":{"line":46,"column":0},"end":{"line":46,"column":52}},"12":{"start":{"line":49,"column":0},"end":{"line":49,"column":54}},"13":{"start":{"line":54,"column":0},"end":{"line":54,"column":22}}},"fnMap":{},"branchMap":{},"s":{"0":6,"1":6,"2":6,"3":6,"4":6,"5":6,"6":6,"7":6,"8":6,"9":6,"10":6,"11":6,"12":6,"13":6},"f":{},"b":{}}
,"E:\\document_management_system\\src\\routes\\favorite_routes.ts": {"path":"E:\\document_management_system\\src\\routes\\favorite_routes.ts","statementMap":{"0":{"start":{"line":1,"column":0},"end":{"line":1,"column":33}},"1":{"start":{"line":2,"column":0},"end":{"line":2,"column":null}},"2":{"start":{"line":8,"column":0},"end":{"line":8,"column":38}},"3":{"start":{"line":10,"column":15},"end":{"line":10,"column":23}},"4":{"start":{"line":12,"column":0},"end":{"line":12,"column":17}},"5":{"start":{"line":15,"column":0},"end":{"line":15,"column":42}},"6":{"start":{"line":18,"column":0},"end":{"line":18,"column":47}},"7":{"start":{"line":21,"column":0},"end":{"line":21,"column":30}},"8":{"start":{"line":24,"column":0},"end":{"line":24,"column":52}},"9":{"start":{"line":26,"column":0},"end":{"line":26,"column":22}}},"fnMap":{},"branchMap":{},"s":{"0":6,"1":6,"2":6,"3":6,"4":6,"5":6,"6":6,"7":6,"8":6,"9":6},"f":{},"b":{}}
,"E:\\document_management_system\\src\\routes\\otp_routes.ts": {"path":"E:\\document_management_system\\src\\routes\\otp_routes.ts","statementMap":{"0":{"start":{"line":1,"column":0},"end":{"line":1,"column":33}},"1":{"start":{"line":2,"column":0},"end":{"line":2,"column":76}},"2":{"start":{"line":3,"column":0},"end":{"line":3,"column":72}},"3":{"start":{"line":5,"column":15},"end":{"line":5,"column":23}},"4":{"start":{"line":11,"column":0},"end":{"line":11,"column":58}},"5":{"start":{"line":17,"column":0},"end":{"line":17,"column":34}},"6":{"start":{"line":19,"column":0},"end":{"line":19,"column":22}}},"fnMap":{},"branchMap":{},"s":{"0":6,"1":6,"2":6,"3":6,"4":6,"5":6,"6":6},"f":{},"b":{}}
,"E:\\document_management_system\\src\\routes\\user_routes.ts": {"path":"E:\\document_management_system\\src\\routes\\user_routes.ts","statementMap":{"0":{"start":{"line":1,"column":0},"end":{"line":1,"column":33}},"1":{"start":{"line":2,"column":0},"end":{"line":2,"column":null}},"2":{"start":{"line":9,"column":0},"end":{"line":9,"column":38}},"3":{"start":{"line":11,"column":15},"end":{"line":11,"column":23}},"4":{"start":{"line":25,"column":0},"end":{"line":25,"column":29}},"5":{"start":{"line":36,"column":0},"end":{"line":36,"column":39}},"6":{"start":{"line":47,"column":0},"end":{"line":47,"column":33}},"7":{"start":{"line":49,"column":0},"end":{"line":49,"column":17}},"8":{"start":{"line":61,"column":0},"end":{"line":61,"column":35}},"9":{"start":{"line":73,"column":0},"end":{"line":73,"column":37}},"10":{"start":{"line":91,"column":0},"end":{"line":91,"column":22}}},"fnMap":{},"branchMap":{},"s":{"0":6,"1":6,"2":6,"3":6,"4":6,"5":6,"6":6,"7":6,"8":6,"9":6,"10":6},"f":{},"b":{}}
,"E:\\document_management_system\\src\\routes\\workspace_routes.ts": {"path":"E:\\document_management_system\\src\\routes\\workspace_routes.ts","statementMap":{"0":{"start":{"line":1,"column":0},"end":{"line":1,"column":33}},"1":{"start":{"line":2,"column":0},"end":{"line":2,"column":null}},"2":{"start":{"line":16,"column":0},"end":{"line":16,"column":38}},"3":{"start":{"line":17,"column":0},"end":{"line":17,"column":66}},"4":{"start":{"line":18,"column":0},"end":{"line":18,"column":null}},"5":{"start":{"line":23,"column":15},"end":{"line":23,"column":23}},"6":{"start":{"line":26,"column":0},"end":{"line":26,"column":17}},"7":{"start":{"line":29,"column":0},"end":{"line":29,"column":34}},"8":{"start":{"line":32,"column":0},"end":{"line":32,"column":34}},"9":{"start":{"line":34,"column":0},"end":{"line":34,"column":54}},"10":{"start":{"line":37,"column":0},"end":{"line":37,"column":43}},"11":{"start":{"line":40,"column":0},"end":{"line":40,"column":46}},"12":{"start":{"line":43,"column":0},"end":{"line":43,"column":45}},"13":{"start":{"line":46,"column":0},"end":{"line":46,"column":48}},"14":{"start":{"line":48,"column":0},"end":{"line":53,"column":2}},"15":{"start":{"line":55,"column":0},"end":{"line":58,"column":2}},"16":{"start":{"line":70,"column":0},"end":{"line":70,"column":62}},"17":{"start":{"line":73,"column":0},"end":{"line":73,"column":51}},"18":{"start":{"line":75,"column":0},"end":{"line":75,"column":22}}},"fnMap":{},"branchMap":{},"s":{"0":6,"1":6,"2":6,"3":6,"4":6,"5":6,"6":6,"7":6,"8":6,"9":6,"10":6,"11":6,"12":6,"13":6,"14":6,"15":6,"16":6,"17":6,"18":6},"f":{},"b":{}}
,"E:\\document_management_system\\src\\utils\\file_upload_utils.ts": {"path":"E:\\document_management_system\\src\\utils\\file_upload_utils.ts","statementMap":{"0":{"start":{"line":1,"column":0},"end":{"line":1,"column":28}},"1":{"start":{"line":2,"column":0},"end":{"line":2,"column":24}},"2":{"start":{"line":3,"column":0},"end":{"line":3,"column":20}},"3":{"start":{"line":8,"column":18},"end":{"line":8,"column":27}},"4":{"start":{"line":11,"column":0},"end":{"line":13,"column":1}},"5":{"start":{"line":12,"column":2},"end":{"line":12,"column":26}},"6":{"start":{"line":19,"column":16},"end":{"line":43,"column":2}},"7":{"start":{"line":28,"column":4},"end":{"line":28,"column":24}},"8":{"start":{"line":39,"column":25},"end":{"line":39,"column":75}},"9":{"start":{"line":40,"column":16},"end":{"line":40,"column":47}},"10":{"start":{"line":41,"column":4},"end":{"line":41,"column":56}},"11":{"start":{"line":49,"column":15},"end":{"line":60,"column":2}},"12":{"start":{"line":58,"column":4},"end":{"line":58,"column":19}},"13":{"start":{"line":70,"column":13},"end":{"line":70,"column":58}}},"fnMap":{"0":{"name":"(anonymous_1)","decl":{"start":{"line":27,"column":15},"end":{"line":27,"column":16}},"loc":{"start":{"line":27,"column":33},"end":{"line":29,"column":3}}},"1":{"name":"(anonymous_2)","decl":{"start":{"line":38,"column":12},"end":{"line":38,"column":13}},"loc":{"start":{"line":38,"column":30},"end":{"line":42,"column":3}}},"2":{"name":"(anonymous_3)","decl":{"start":{"line":52,"column":14},"end":{"line":52,"column":15}},"loc":{"start":{"line":52,"column":32},"end":{"line":59,"column":3}}}},"branchMap":{"0":{"loc":{"start":{"line":11,"column":0},"end":{"line":13,"column":1}},"type":"if","locations":[{"start":{"line":11,"column":0},"end":{"line":13,"column":1}}]}},"s":{"0":6,"1":6,"2":6,"3":6,"4":6,"5":0,"6":6,"7":2,"8":2,"9":2,"10":2,"11":6,"12":2,"13":6},"f":{"0":2,"1":2,"2":2},"b":{"0":[0]}}
,"E:\\document_management_system\\src\\utils\\jwt_utils.ts": {"path":"E:\\document_management_system\\src\\utils\\jwt_utils.ts","statementMap":{"0":{"start":{"line":1,"column":0},"end":{"line":1,"column":31}},"1":{"start":{"line":21,"column":25},"end":{"line":34,"column":1}},"2":{"start":{"line":27,"column":2},"end":{"line":33,"column":4}},"3":{"start":{"line":21,"column":13},"end":{"line":21,"column":25}}},"fnMap":{"0":{"name":"(anonymous_1)","decl":{"start":{"line":21,"column":25},"end":{"line":21,"column":null}},"loc":{"start":{"line":26,"column":12},"end":{"line":34,"column":1}}}},"branchMap":{},"s":{"0":6,"1":6,"2":6,"3":6},"f":{"0":6},"b":{}}
,"E:\\document_management_system\\src\\utils\\password_utils.ts": {"path":"E:\\document_management_system\\src\\utils\\password_utils.ts","statementMap":{"0":{"start":{"line":1,"column":0},"end":{"line":1,"column":28}},"1":{"start":{"line":4,"column":41},"end":{"line":4,"column":52}},"2":{"start":{"line":22,"column":28},"end":{"line":27,"column":1}},"3":{"start":{"line":23,"column":2},"end":{"line":26,"column":4}},"4":{"start":{"line":22,"column":13},"end":{"line":22,"column":28}},"5":{"start":{"line":46,"column":31},"end":{"line":51,"column":1}},"6":{"start":{"line":50,"column":2},"end":{"line":50,"column":72}},"7":{"start":{"line":46,"column":13},"end":{"line":46,"column":31}}},"fnMap":{"0":{"name":"(anonymous_1)","decl":{"start":{"line":22,"column":28},"end":{"line":22,"column":29}},"loc":{"start":{"line":22,"column":57},"end":{"line":27,"column":1}}},"1":{"name":"(anonymous_2)","decl":{"start":{"line":46,"column":31},"end":{"line":46,"column":null}},"loc":{"start":{"line":49,"column":13},"end":{"line":51,"column":1}}}},"branchMap":{},"s":{"0":6,"1":6,"2":6,"3":14,"4":6,"5":6,"6":4,"7":6},"f":{"0":14,"1":4},"b":{}}
,"E:\\document_management_system\\src\\utils\\s3_utils.ts": {"path":"E:\\document_management_system\\src\\utils\\s3_utils.ts","statementMap":{"0":{"start":{"line":1,"column":0},"end":{"line":1,"column":null}},"1":{"start":{"line":14,"column":17},"end":{"line":16,"column":20}},"2":{"start":{"line":18,"column":28},"end":{"line":25,"column":1}},"3":{"start":{"line":19,"column":2},"end":{"line":24,"column":3}},"4":{"start":{"line":20,"column":4},"end":{"line":20,"column":73}},"5":{"start":{"line":21,"column":4},"end":{"line":21,"column":49}},"6":{"start":{"line":23,"column":4},"end":{"line":23,"column":42}},"7":{"start":{"line":18,"column":13},"end":{"line":18,"column":28}},"8":{"start":{"line":28,"column":26},"end":{"line":48,"column":1}},"9":{"start":{"line":34,"column":2},"end":{"line":47,"column":3}},"10":{"start":{"line":35,"column":20},"end":{"line":40,"column":6}},"11":{"start":{"line":41,"column":4},"end":{"line":41,"column":33}},"12":{"start":{"line":42,"column":4},"end":{"line":42,"column":45}},"13":{"start":{"line":45,"column":4},"end":{"line":45,"column":52}},"14":{"start":{"line":46,"column":4},"end":{"line":46,"column":16}},"15":{"start":{"line":28,"column":13},"end":{"line":28,"column":26}},"16":{"start":{"line":50,"column":27},"end":{"line":57,"column":1}},"17":{"start":{"line":51,"column":2},"end":{"line":56,"column":3}},"18":{"start":{"line":52,"column":21},"end":{"line":52,"column":68}},"19":{"start":{"line":53,"column":4},"end":{"line":53,"column":46}},"20":{"start":{"line":55,"column":4},"end":{"line":55,"column":51}},"21":{"start":{"line":50,"column":13},"end":{"line":50,"column":27}},"22":{"start":{"line":59,"column":30},"end":{"line":66,"column":1}},"23":{"start":{"line":60,"column":2},"end":{"line":65,"column":5}},"24":{"start":{"line":61,"column":33},"end":{"line":61,"column":35}},"25":{"start":{"line":62,"column":4},"end":{"line":62,"column":53}},"26":{"start":{"line":62,"column":33},"end":{"line":62,"column":51}},"27":{"start":{"line":63,"column":4},"end":{"line":63,"column":31}},"28":{"start":{"line":64,"column":4},"end":{"line":64,"column":78}},"29":{"start":{"line":64,"column":27},"end":{"line":64,"column":76}},"30":{"start":{"line":59,"column":13},"end":{"line":59,"column":30}},"31":{"start":{"line":68,"column":32},"end":{"line":75,"column":1}},"32":{"start":{"line":69,"column":2},"end":{"line":69,"column":49}},"33":{"start":{"line":69,"column":31},"end":{"line":69,"column":47}},"34":{"start":{"line":70,"column":2},"end":{"line":70,"column":36}},"35":{"start":{"line":70,"column":25},"end":{"line":70,"column":34}},"36":{"start":{"line":71,"column":2},"end":{"line":74,"column":5}},"37":{"start":{"line":72,"column":4},"end":{"line":72,"column":40}},"38":{"start":{"line":73,"column":4},"end":{"line":73,"column":66}},"39":{"start":{"line":68,"column":13},"end":{"line":68,"column":32}},"40":{"start":{"line":78,"column":24},"end":{"line":92,"column":1}},"41":{"start":{"line":79,"column":2},"end":{"line":91,"column":3}},"42":{"start":{"line":80,"column":21},"end":{"line":84,"column":null}},"43":{"start":{"line":86,"column":4},"end":{"line":86,"column":41}},"44":{"start":{"line":87,"column":4},"end":{"line":87,"column":16}},"45":{"start":{"line":89,"column":4},"end":{"line":89,"column":50}},"46":{"start":{"line":90,"column":4},"end":{"line":90,"column":16}},"47":{"start":{"line":78,"column":13},"end":{"line":78,"column":24}},"48":{"start":{"line":95,"column":26},"end":{"line":108,"column":1}},"49":{"start":{"line":96,"column":2},"end":{"line":107,"column":3}},"50":{"start":{"line":97,"column":4},"end":{"line":102,"column":6}},"51":{"start":{"line":103,"column":4},"end":{"line":103,"column":44}},"52":{"start":{"line":105,"column":4},"end":{"line":105,"column":51}},"53":{"start":{"line":106,"column":4},"end":{"line":106,"column":16}},"54":{"start":{"line":95,"column":13},"end":{"line":95,"column":26}},"55":{"start":{"line":111,"column":28},"end":{"line":119,"column":1}},"56":{"start":{"line":112,"column":2},"end":{"line":118,"column":3}},"57":{"start":{"line":113,"column":4},"end":{"line":113,"column":73}},"58":{"start":{"line":114,"column":4},"end":{"line":114,"column":49}},"59":{"start":{"line":116,"column":4},"end":{"line":116,"column":53}},"60":{"start":{"line":117,"column":4},"end":{"line":117,"column":16}},"61":{"start":{"line":111,"column":13},"end":{"line":111,"column":28}}},"fnMap":{"0":{"name":"(anonymous_0)","decl":{"start":{"line":18,"column":28},"end":{"line":18,"column":33}},"loc":{"start":{"line":18,"column":57},"end":{"line":25,"column":1}}},"1":{"name":"(anonymous_1)","decl":{"start":{"line":28,"column":26},"end":{"line":28,"column":31}},"loc":{"start":{"line":33,"column":4},"end":{"line":48,"column":1}}},"2":{"name":"(anonymous_2)","decl":{"start":{"line":50,"column":27},"end":{"line":50,"column":32}},"loc":{"start":{"line":50,"column":38},"end":{"line":57,"column":1}}},"3":{"name":"(anonymous_3)","decl":{"start":{"line":59,"column":30},"end":{"line":59,"column":31}},"loc":{"start":{"line":59,"column":68},"end":{"line":66,"column":1}}},"4":{"name":"(anonymous_4)","decl":{"start":{"line":60,"column":21},"end":{"line":60,"column":22}},"loc":{"start":{"line":60,"column":41},"end":{"line":65,"column":3}}},"5":{"name":"(anonymous_5)","decl":{"start":{"line":62,"column":22},"end":{"line":62,"column":23}},"loc":{"start":{"line":62,"column":33},"end":{"line":62,"column":51}}},"6":{"name":"(anonymous_6)","decl":{"start":{"line":64,"column":21},"end":{"line":64,"column":24}},"loc":{"start":{"line":64,"column":27},"end":{"line":64,"column":76}}},"7":{"name":"(anonymous_7)","decl":{"start":{"line":68,"column":32},"end":{"line":68,"column":33}},"loc":{"start":{"line":68,"column":68},"end":{"line":75,"column":1}}},"8":{"name":"(anonymous_8)","decl":{"start":{"line":69,"column":20},"end":{"line":69,"column":21}},"loc":{"start":{"line":69,"column":31},"end":{"line":69,"column":47}}},"9":{"name":"(anonymous_9)","decl":{"start":{"line":70,"column":19},"end":{"line":70,"column":22}},"loc":{"start":{"line":70,"column":25},"end":{"line":70,"column":34}}},"10":{"name":"(anonymous_10)","decl":{"start":{"line":71,"column":21},"end":{"line":71,"column":22}},"loc":{"start":{"line":71,"column":29},"end":{"line":74,"column":3}}},"11":{"name":"(anonymous_11)","decl":{"start":{"line":78,"column":24},"end":{"line":78,"column":29}},"loc":{"start":{"line":78,"column":70},"end":{"line":92,"column":1}}},"12":{"name":"(anonymous_12)","decl":{"start":{"line":95,"column":26},"end":{"line":95,"column":31}},"loc":{"start":{"line":95,"column":72},"end":{"line":108,"column":1}}},"13":{"name":"(anonymous_13)","decl":{"start":{"line":111,"column":28},"end":{"line":111,"column":33}},"loc":{"start":{"line":111,"column":57},"end":{"line":119,"column":1}}}},"branchMap":{},"s":{"0":6,"1":6,"2":6,"3":2,"4":2,"5":0,"6":2,"7":6,"8":6,"9":2,"10":2,"11":2,"12":2,"13":0,"14":0,"15":6,"16":6,"17":0,"18":0,"19":0,"20":0,"21":6,"22":6,"23":1,"24":1,"25":1,"26":13,"27":1,"28":1,"29":1,"30":6,"31":6,"32":1,"33":14,"34":1,"35":1,"36":1,"37":0,"38":0,"39":6,"40":6,"41":2,"42":2,"43":2,"44":2,"45":0,"46":0,"47":6,"48":6,"49":0,"50":0,"51":0,"52":0,"53":0,"54":6,"55":6,"56":0,"57":0,"58":0,"59":0,"60":0,"61":6},"f":{"0":2,"1":2,"2":0,"3":1,"4":1,"5":13,"6":1,"7":1,"8":14,"9":1,"10":0,"11":2,"12":0,"13":0},"b":{}}
,"E:\\document_management_system\\src\\utils\\sql_query.ts": {"path":"E:\\document_management_system\\src\\utils\\sql_query.ts","statementMap":{"0":{"start":{"line":1,"column":0},"end":{"line":1,"column":40}},"1":{"start":{"line":2,"column":0},"end":{"line":2,"column":70}},"2":{"start":{"line":25,"column":35},"end":{"line":43,"column":1}},"3":{"start":{"line":29,"column":15},"end":{"line":29,"column":40}},"4":{"start":{"line":30,"column":2},"end":{"line":42,"column":3}},"5":{"start":{"line":32,"column":19},"end":{"line":32,"column":61}},"6":{"start":{"line":35,"column":4},"end":{"line":35,"column":18}},"7":{"start":{"line":38,"column":4},"end":{"line":38,"column":53}},"8":{"start":{"line":41,"column":4},"end":{"line":41,"column":19}},"9":{"start":{"line":25,"column":13},"end":{"line":25,"column":35}}},"fnMap":{"0":{"name":"(anonymous_0)","decl":{"start":{"line":25,"column":35},"end":{"line":25,"column":40}},"loc":{"start":{"line":28,"column":4},"end":{"line":43,"column":1}}}},"branchMap":{},"s":{"0":6,"1":6,"2":6,"3":50,"4":50,"5":50,"6":49,"7":1,"8":50,"9":6},"f":{"0":50},"b":{}}
}
