TN:
SF:src\app.ts
FN:36,(anonymous_1)
FN:52,(anonymous_2)
FNF:2
FNH:2
FNDA:1,(anonymous_1)
FNDA:5,(anonymous_2)
DA:1,5
DA:2,5
DA:3,5
DA:4,5
DA:5,5
DA:6,5
DA:7,5
DA:8,5
DA:11,5
DA:14,5
DA:17,5
DA:20,5
DA:22,5
DA:25,5
DA:28,5
DA:36,5
DA:37,1
DA:40,5
DA:42,5
DA:44,5
DA:46,5
DA:49,5
DA:52,5
DA:53,5
DA:57,5
LF:25
LH:25
BRDA:17,0,0,5
BRDA:17,0,1,5
BRF:2
BRH:2
end_of_record
TN:
SF:src\database.ts
FN:35,(anonymous_1)
FN:36,(anonymous_2)
FNF:2
FNH:0
FNDA:0,(anonymous_1)
FNDA:0,(anonymous_2)
DA:1,5
DA:2,5
DA:3,5
DA:6,5
DA:18,5
DA:22,5
DA:31,5
DA:33,0
DA:35,0
DA:36,0
DA:41,5
DA:42,0
DA:52,5
DA:53,5
LF:14
LH:10
BRDA:31,0,0,0
BRDA:41,1,0,0
BRDA:52,2,0,5
BRF:3
BRH:1
end_of_record
TN:
SF:src\controllers\document_controller.ts
FN:27,(anonymous_1)
FN:59,(anonymous_2)
FN:90,(anonymous_3)
FN:114,(anonymous_4)
FN:149,(anonymous_5)
FN:185,(anonymous_6)
FN:238,(anonymous_7)
FN:279,(anonymous_8)
FN:328,(anonymous_9)
FNF:9
FNH:9
FNDA:3,(anonymous_1)
FNDA:1,(anonymous_2)
FNDA:1,(anonymous_3)
FNDA:1,(anonymous_4)
FNDA:1,(anonymous_5)
FNDA:2,(anonymous_6)
FNDA:5,(anonymous_7)
FNDA:2,(anonymous_8)
FNDA:2,(anonymous_9)
DA:3,5
DA:5,5
DA:9,5
DA:16,5
DA:17,5
DA:27,5
DA:32,3
DA:33,3
DA:34,3
DA:35,3
DA:36,1
DA:39,2
DA:40,1
DA:45,1
DA:47,0
DA:59,5
DA:64,1
DA:65,1
DA:66,1
DA:68,1
DA:69,0
DA:73,1
DA:74,1
DA:76,1
DA:78,0
DA:90,5
DA:95,1
DA:96,1
DA:100,1
DA:102,0
DA:114,5
DA:119,1
DA:120,1
DA:121,1
DA:123,1
DA:124,0
DA:127,1
DA:128,0
DA:132,1
DA:133,1
DA:135,1
DA:137,0
DA:149,5
DA:154,1
DA:155,1
DA:156,1
DA:158,1
DA:159,0
DA:162,1
DA:163,0
DA:167,1
DA:169,1
DA:173,0
DA:185,5
DA:190,2
DA:191,2
DA:192,2
DA:195,2
DA:196,2
DA:197,1
DA:201,1
DA:204,1
DA:208,1
DA:211,1
DA:214,1
DA:215,1
DA:216,0
DA:218,0
DA:219,0
DA:221,0
DA:226,0
DA:238,5
DA:243,5
DA:244,5
DA:245,5
DA:247,5
DA:250,4
DA:251,1
DA:257,4
DA:258,2
DA:259,2
DA:262,4
DA:264,4
DA:266,1
DA:279,5
DA:284,2
DA:285,2
DA:287,2
DA:289,2
DA:291,2
DA:292,1
DA:296,1
DA:297,0
DA:301,1
DA:304,1
DA:306,1
DA:307,0
DA:311,1
DA:312,1
DA:313,1
DA:314,0
DA:316,0
DA:317,0
DA:318,0
DA:320,0
DA:323,0
DA:328,5
DA:333,2
DA:334,0
DA:337,2
DA:338,2
DA:339,2
DA:340,2
DA:341,2
DA:342,2
DA:343,2
DA:349,2
DA:350,2
DA:353,2
DA:356,2
DA:357,2
DA:360,2
DA:362,2
DA:364,0
LF:124
LH:99
BRDA:35,0,0,1
BRDA:39,1,0,1
BRDA:68,2,0,0
BRDA:123,3,0,0
BRDA:127,4,0,0
BRDA:158,5,0,0
BRDA:162,6,0,0
BRDA:196,7,0,1
BRDA:214,8,0,1
BRDA:214,8,1,0
BRDA:216,9,0,0
BRDA:216,9,1,0
BRDA:245,10,0,3
BRDA:250,11,0,1
BRDA:257,12,0,2
BRDA:258,13,0,1
BRDA:258,13,1,1
BRDA:291,14,0,1
BRDA:296,15,0,0
BRDA:306,16,0,0
BRDA:311,17,0,1
BRDA:311,17,1,0
BRDA:314,18,0,0
BRDA:314,18,1,0
BRDA:333,19,0,0
BRF:25
BRH:11
end_of_record
TN:
SF:src\controllers\favorite_controller.ts
FN:14,(anonymous_1)
FN:57,(anonymous_2)
FN:90,(anonymous_3)
FN:101,(anonymous_4)
FN:115,(anonymous_5)
FNF:5
FNH:5
FNDA:2,(anonymous_1)
FNDA:1,(anonymous_2)
FNDA:1,(anonymous_3)
FNDA:3,(anonymous_4)
FNDA:2,(anonymous_5)
DA:3,5
DA:4,5
DA:14,5
DA:19,2
DA:20,2
DA:22,2
DA:24,2
DA:25,2
DA:26,0
DA:30,2
DA:31,2
DA:32,1
DA:36,1
DA:41,1
DA:43,1
DA:45,0
DA:57,5
DA:62,1
DA:63,1
DA:65,1
DA:67,1
DA:72,1
DA:73,0
DA:76,1
DA:78,0
DA:90,5
DA:95,1
DA:97,1
DA:99,1
DA:101,3
DA:103,0
DA:115,5
DA:120,2
DA:121,2
DA:123,2
DA:125,2
DA:127,2
DA:128,1
DA:130,1
DA:133,0
LF:40
LH:34
BRDA:25,0,0,0
BRDA:31,1,0,1
BRDA:72,2,0,0
BRDA:127,3,0,1
BRDA:127,3,1,1
BRF:5
BRH:3
end_of_record
TN:
SF:src\controllers\user_controllers.ts
FN:21,(anonymous_0)
FN:42,(anonymous_1)
FN:67,(anonymous_2)
FN:116,(anonymous_3)
FN:153,(anonymous_4)
FNF:5
FNH:5
FNDA:1,(anonymous_0)
FNDA:2,(anonymous_1)
FNDA:2,(anonymous_2)
FNDA:2,(anonymous_3)
FNDA:1,(anonymous_4)
DA:2,5
DA:3,5
DA:4,5
DA:11,5
DA:21,5
DA:26,1
DA:27,1
DA:28,1
DA:30,0
DA:42,5
DA:47,2
DA:48,2
DA:49,2
DA:50,2
DA:51,1
DA:53,1
DA:55,1
DA:67,5
DA:72,2
DA:73,2
DA:74,2
DA:75,0
DA:77,2
DA:78,1
DA:81,1
DA:83,2
DA:90,1
DA:96,1
DA:104,1
DA:116,5
DA:121,2
DA:122,2
DA:123,2
DA:124,0
DA:126,2
DA:127,1
DA:133,1
DA:141,1
DA:153,5
DA:158,1
DA:159,1
DA:160,1
DA:161,1
DA:162,0
DA:164,1
DA:165,1
DA:167,0
LF:47
LH:42
BRDA:50,0,0,1
BRDA:74,1,0,0
BRDA:74,2,0,2
BRDA:74,2,1,2
BRDA:74,2,2,2
BRDA:74,2,3,2
BRDA:74,2,4,2
BRDA:77,3,0,1
BRDA:123,4,0,0
BRDA:123,5,0,2
BRDA:123,5,1,2
BRDA:161,6,0,0
BRF:12
BRH:9
end_of_record
TN:
SF:src\controllers\workspace_controller.ts
FN:20,(anonymous_1)
FN:45,(anonymous_2)
FN:97,(anonymous_3)
FN:125,(anonymous_4)
FN:165,(anonymous_5)
FN:192,(anonymous_6)
FN:259,(anonymous_7)
FN:321,(anonymous_8)
FN:355,(anonymous_9)
FN:391,(anonymous_10)
FN:419,(anonymous_11)
FN:448,(anonymous_12)
FNF:12
FNH:10
FNDA:1,(anonymous_1)
FNDA:1,(anonymous_2)
FNDA:1,(anonymous_3)
FNDA:1,(anonymous_4)
FNDA:1,(anonymous_5)
FNDA:2,(anonymous_6)
FNDA:1,(anonymous_7)
FNDA:0,(anonymous_8)
FNDA:1,(anonymous_9)
FNDA:0,(anonymous_10)
FNDA:1,(anonymous_11)
FNDA:1,(anonymous_12)
DA:3,5
DA:4,5
DA:5,5
DA:9,5
DA:10,5
DA:20,5
DA:25,1
DA:26,1
DA:32,1
DA:34,0
DA:45,5
DA:50,1
DA:51,1
DA:52,1
DA:53,1
DA:54,1
DA:55,1
DA:57,1
DA:70,1
DA:71,0
DA:74,1
DA:76,1
DA:77,1
DA:80,1
DA:81,1
DA:84,1
DA:86,0
DA:97,5
DA:102,1
DA:104,1
DA:105,1
DA:110,1
DA:112,1
DA:114,0
DA:125,5
DA:130,1
DA:131,1
DA:133,1
DA:134,1
DA:136,1
DA:137,0
DA:140,1
DA:141,0
DA:146,1
DA:147,1
DA:148,1
DA:150,1
DA:152,1
DA:154,0
DA:165,5
DA:170,1
DA:172,1
DA:173,1
DA:175,1
DA:176,0
DA:179,1
DA:181,0
DA:192,5
DA:197,2
DA:198,2
DA:199,2
DA:200,2
DA:202,2
DA:203,2
DA:204,0
DA:207,2
DA:208,0
DA:211,2
DA:215,2
DA:216,2
DA:218,2
DA:240,2
DA:241,2
DA:243,2
DA:248,0
DA:259,5
DA:264,1
DA:265,1
DA:266,1
DA:268,1
DA:269,0
DA:272,1
DA:273,1
DA:275,1
DA:277,0
DA:321,5
DA:326,0
DA:327,0
DA:328,0
DA:330,0
DA:331,0
DA:334,0
DA:336,0
DA:337,0
DA:340,0
DA:341,0
DA:342,0
DA:344,0
DA:355,5
DA:360,1
DA:361,1
DA:362,1
DA:363,1
DA:365,1
DA:366,1
DA:367,1
DA:368,0
DA:371,1
DA:372,0
DA:375,1
DA:376,0
DA:379,1
DA:380,0
DA:383,1
DA:384,1
DA:385,0
DA:390,1
DA:391,0
DA:394,1
DA:395,0
DA:400,1
DA:401,1
DA:403,0
DA:406,1
DA:408,0
DA:419,5
DA:424,1
DA:426,1
DA:427,1
DA:428,0
DA:431,1
DA:435,1
DA:437,0
DA:448,5
DA:453,1
DA:454,1
DA:456,1
DA:460,1
DA:462,0
LF:139
LH:101
BRDA:52,0,0,1
BRDA:55,1,0,0
BRDA:55,1,1,1
BRDA:62,2,0,1
BRDA:62,2,1,0
BRDA:65,3,0,0
BRDA:65,3,1,1
BRDA:70,4,0,0
BRDA:76,5,0,1
BRDA:80,6,0,1
BRDA:136,7,0,0
BRDA:140,8,0,0
BRDA:146,9,0,1
BRDA:146,9,1,0
BRDA:147,10,0,1
BRDA:147,10,1,1
BRDA:175,11,0,0
BRDA:203,12,0,0
BRDA:207,13,0,0
BRDA:211,14,0,2
BRDA:211,14,1,2
BRDA:219,15,0,2
BRDA:219,15,1,0
BRDA:229,16,0,2
BRDA:229,16,1,2
BRDA:268,17,0,0
BRDA:330,18,0,0
BRDA:336,19,0,0
BRDA:367,20,0,0
BRDA:371,21,0,0
BRDA:371,22,0,1
BRDA:371,22,1,1
BRDA:375,23,0,0
BRDA:379,24,0,0
BRDA:379,25,0,1
BRDA:379,25,1,1
BRDA:384,26,0,0
BRDA:384,27,0,1
BRDA:384,27,1,1
BRDA:394,28,0,0
BRDA:400,29,0,1
BRDA:400,29,1,0
BRDA:427,30,0,0
BRF:43
BRH:21
end_of_record
TN:
SF:src\middleware\auth.ts
FN:17,(anonymous_1)
FNF:1
FNH:1
FNDA:36,(anonymous_1)
DA:2,5
DA:17,5
DA:22,36
DA:23,36
DA:24,0
DA:26,36
DA:27,36
DA:28,36
DA:32,36
DA:33,36
DA:35,0
DA:39,5
LF:12
LH:10
BRDA:23,0,0,0
BRDA:23,1,0,36
BRDA:23,1,1,36
BRF:3
BRH:2
end_of_record
TN:
SF:src\middleware\error_handler.ts
FN:10,(anonymous_0)
FN:23,(anonymous_1)
FN:36,(anonymous_2)
FN:51,(anonymous_3)
FN:64,(anonymous_4)
FN:79,(anonymous_5)
FN:94,(anonymous_6)
FN:109,(anonymous_7)
FN:124,(anonymous_8)
FN:140,(anonymous_9)
FNF:10
FNH:6
FNDA:2,(anonymous_0)
FNDA:1,(anonymous_1)
FNDA:2,(anonymous_2)
FNDA:1,(anonymous_3)
FNDA:2,(anonymous_4)
FNDA:0,(anonymous_5)
FNDA:0,(anonymous_6)
FNDA:0,(anonymous_7)
FNDA:0,(anonymous_8)
FNDA:1,(anonymous_9)
DA:4,5
DA:11,2
DA:12,2
DA:19,5
DA:24,1
DA:25,1
DA:32,5
DA:37,2
DA:38,2
DA:45,5
DA:52,1
DA:53,1
DA:60,5
DA:65,2
DA:66,2
DA:73,5
DA:80,0
DA:81,0
DA:88,5
DA:95,0
DA:96,0
DA:103,5
DA:110,0
DA:111,0
DA:118,5
DA:125,0
DA:126,0
DA:133,5
DA:141,1
DA:145,1
DA:146,1
LF:31
LH:23
BRDA:141,0,0,0
BRDA:141,0,1,1
BRF:2
BRH:1
end_of_record
TN:
SF:src\middleware\global_error_handler.ts
FN:28,(anonymous_0)
FNF:1
FNH:1
FNDA:5,(anonymous_0)
DA:2,5
DA:28,5
DA:34,5
DA:35,1
DA:38,5
DA:39,1
DA:42,5
DA:43,0
DA:46,5
DA:47,1
DA:48,1
DA:51,5
DA:52,1
DA:55,4
DA:56,1
DA:59,4
DA:60,0
DA:63,4
DA:64,0
DA:67,4
DA:68,0
DA:72,4
DA:74,0
DA:77,5
LF:24
LH:19
BRDA:34,0,0,1
BRDA:38,1,0,1
BRDA:42,2,0,0
BRDA:46,3,0,1
BRDA:51,4,0,1
BRDA:55,5,0,1
BRDA:59,6,0,0
BRDA:63,7,0,0
BRDA:67,8,0,0
BRF:9
BRH:5
end_of_record
TN:
SF:src\middleware\upload.ts
FN:30,(anonymous_1)
FN:33,(anonymous_2)
FNF:2
FNH:0
FNDA:0,(anonymous_1)
FNDA:0,(anonymous_2)
DA:1,0
DA:2,0
DA:29,0
DA:31,0
DA:34,0
DA:38,0
DA:40,0
LF:7
LH:0
BRF:0
BRH:0
end_of_record
TN:
SF:src\models\document.ts
FN:219,(anonymous_1)
FN:231,(anonymous_2)
FNF:2
FNH:2
FNDA:1,(anonymous_1)
FNDA:1,(anonymous_2)
DA:1,6
DA:129,6
DA:219,6
DA:220,1
DA:221,1
DA:222,1
DA:231,6
DA:234,1
DA:235,1
DA:242,6
DA:247,6
LF:11
LH:11
BRF:0
BRH:0
end_of_record
TN:
SF:src\models\favorite.ts
FNF:0
FNH:0
DA:1,5
DA:7,5
DA:39,5
DA:41,5
LF:4
LH:4
BRF:0
BRH:0
end_of_record
TN:
SF:src\models\user.ts
FN:66,(anonymous_0)
FN:82,(anonymous_1)
FN:97,(anonymous_2)
FN:111,(anonymous_3)
FN:135,(anonymous_4)
FNF:5
FNH:5
FNDA:11,(anonymous_0)
FNDA:4,(anonymous_1)
FNDA:3,(anonymous_2)
FNDA:14,(anonymous_3)
FNDA:3,(anonymous_4)
DA:1,5
DA:2,5
DA:3,5
DA:58,5
DA:67,11
DA:68,11
DA:69,11
DA:70,9
DA:83,4
DA:84,4
DA:85,4
DA:86,2
DA:88,2
DA:98,3
DA:99,3
DA:100,3
DA:101,2
DA:112,14
DA:113,14
DA:116,14
DA:117,14
DA:124,13
DA:125,13
DA:136,3
DA:137,3
DA:138,3
DA:139,2
LF:27
LH:27
BRDA:69,0,0,2
BRDA:84,1,0,0
BRDA:85,2,0,2
BRDA:100,3,0,1
BRDA:124,4,0,0
BRDA:138,5,0,1
BRF:6
BRH:4
end_of_record
TN:
SF:src\models\workspace.ts
FN:109,(anonymous_1)
FN:121,(anonymous_2)
FN:135,(anonymous_3)
FN:146,(anonymous_4)
FN:157,(anonymous_5)
FN:159,(anonymous_6)
FN:173,(anonymous_7)
FN:183,(anonymous_8)
FNF:8
FNH:6
FNDA:2,(anonymous_1)
FNDA:3,(anonymous_2)
FNDA:3,(anonymous_3)
FNDA:2,(anonymous_4)
FNDA:5,(anonymous_5)
FNDA:5,(anonymous_6)
FNDA:0,(anonymous_7)
FNDA:0,(anonymous_8)
DA:1,6
DA:58,6
DA:109,6
DA:110,2
DA:111,2
DA:112,2
DA:121,6
DA:124,3
DA:125,3
DA:126,3
DA:135,6
DA:136,3
DA:137,3
DA:146,6
DA:147,2
DA:148,2
DA:157,6
DA:158,5
DA:159,5
DA:161,5
DA:162,2
DA:164,3
DA:173,6
DA:174,0
DA:183,6
DA:184,0
DA:187,6
DA:192,6
LF:28
LH:26
BRDA:161,0,0,2
BRDA:164,1,0,2
BRDA:164,1,1,1
BRF:3
BRH:3
end_of_record
TN:
SF:src\routes\document_routes.ts
FNF:0
FNH:0
DA:1,5
DA:2,5
DA:15,5
DA:18,5
DA:20,5
DA:29,5
DA:31,5
DA:34,5
DA:37,5
DA:40,5
DA:43,5
DA:46,5
DA:49,5
DA:54,5
LF:14
LH:14
BRF:0
BRH:0
end_of_record
TN:
SF:src\routes\favorite_routes.ts
FNF:0
FNH:0
DA:1,5
DA:2,5
DA:8,5
DA:10,5
DA:12,5
DA:15,5
DA:18,5
DA:21,5
DA:24,5
DA:26,5
LF:10
LH:10
BRF:0
BRH:0
end_of_record
TN:
SF:src\routes\user_routes.ts
FNF:0
FNH:0
DA:1,5
DA:2,5
DA:9,5
DA:11,5
DA:25,5
DA:36,5
DA:47,5
DA:49,5
DA:61,5
DA:73,5
DA:91,5
LF:11
LH:11
BRF:0
BRH:0
end_of_record
TN:
SF:src\routes\workspace_routes.ts
FNF:0
FNH:0
DA:1,5
DA:2,5
DA:16,5
DA:17,5
DA:18,5
DA:23,5
DA:26,5
DA:29,5
DA:32,5
DA:34,5
DA:37,5
DA:40,5
DA:43,5
DA:46,5
DA:48,5
DA:55,5
DA:70,5
DA:73,5
DA:75,5
LF:19
LH:19
BRF:0
BRH:0
end_of_record
TN:
SF:src\utils\file_upload_utils.ts
FN:27,(anonymous_1)
FN:38,(anonymous_2)
FN:52,(anonymous_3)
FNF:3
FNH:3
FNDA:2,(anonymous_1)
FNDA:2,(anonymous_2)
FNDA:2,(anonymous_3)
DA:1,5
DA:2,5
DA:3,5
DA:8,5
DA:11,5
DA:12,0
DA:19,5
DA:28,2
DA:39,2
DA:40,2
DA:41,2
DA:49,5
DA:58,2
DA:70,5
LF:14
LH:13
BRDA:11,0,0,0
BRF:1
BRH:0
end_of_record
TN:
SF:src\utils\jwt_utils.ts
FN:21,(anonymous_1)
FNF:1
FNH:1
FNDA:6,(anonymous_1)
DA:1,5
DA:21,5
DA:27,6
LF:3
LH:3
BRF:0
BRH:0
end_of_record
TN:
SF:src\utils\password_utils.ts
FN:22,(anonymous_1)
FN:46,(anonymous_2)
FNF:2
FNH:2
FNDA:14,(anonymous_1)
FNDA:4,(anonymous_2)
DA:1,5
DA:4,5
DA:22,5
DA:23,14
DA:46,5
DA:50,4
LF:6
LH:6
BRF:0
BRH:0
end_of_record
TN:
SF:src\utils\s3_utils.ts
FN:18,(anonymous_0)
FN:28,(anonymous_1)
FN:50,(anonymous_2)
FN:59,(anonymous_3)
FN:60,(anonymous_4)
FN:62,(anonymous_5)
FN:64,(anonymous_6)
FN:68,(anonymous_7)
FN:69,(anonymous_8)
FN:70,(anonymous_9)
FN:71,(anonymous_10)
FN:78,(anonymous_11)
FN:95,(anonymous_12)
FN:111,(anonymous_13)
FNF:14
FNH:10
FNDA:2,(anonymous_0)
FNDA:2,(anonymous_1)
FNDA:0,(anonymous_2)
FNDA:1,(anonymous_3)
FNDA:1,(anonymous_4)
FNDA:12,(anonymous_5)
FNDA:1,(anonymous_6)
FNDA:1,(anonymous_7)
FNDA:13,(anonymous_8)
FNDA:1,(anonymous_9)
FNDA:0,(anonymous_10)
FNDA:2,(anonymous_11)
FNDA:0,(anonymous_12)
FNDA:0,(anonymous_13)
DA:1,5
DA:14,5
DA:18,5
DA:19,2
DA:20,2
DA:21,0
DA:23,2
DA:28,5
DA:34,2
DA:35,2
DA:41,2
DA:42,2
DA:45,0
DA:46,0
DA:50,5
DA:51,0
DA:52,0
DA:53,0
DA:55,0
DA:59,5
DA:60,1
DA:61,1
DA:62,12
DA:63,1
DA:64,1
DA:68,5
DA:69,13
DA:70,1
DA:71,1
DA:72,0
DA:73,0
DA:78,5
DA:79,2
DA:80,2
DA:86,2
DA:87,2
DA:89,0
DA:90,0
DA:95,5
DA:96,0
DA:97,0
DA:103,0
DA:105,0
DA:106,0
DA:111,5
DA:112,0
DA:113,0
DA:114,0
DA:116,0
DA:117,0
LF:50
LH:29
BRF:0
BRH:0
end_of_record
TN:
SF:src\utils\sql_query.ts
FN:25,(anonymous_0)
FNF:1
FNH:1
FNDA:47,(anonymous_0)
DA:1,5
DA:2,5
DA:25,5
DA:29,47
DA:30,47
DA:32,47
DA:35,46
DA:38,1
DA:41,47
LF:9
LH:9
BRF:0
BRH:0
end_of_record
